Removed Member From Class: ClassName=U_Motor Phase2 Member=C14
Removed Member From Class: ClassName=U_Motor Phase3 Member=C17
Removed Member From Class: ClassName=High-Current Member=NetC14_1
Removed Member From Class: ClassName=High-Current Member=NetC16_1
Change Component Designator: OldDesignator=C12 NewDesignator=C13
Change Component Designator: OldDesignator=C13 NewDesignator=C14
Change Component Designator: OldDesignator=C14 NewDesignator=C15
Change Component Designator: OldDesignator=C15 NewDesignator=C16
Change Component Designator: OldDesignator=C16 NewDesignator=C17
Change Component Designator: OldDesignator=C17 NewDesignator=C18
Change Component Designator: OldDesignator=C18 NewDesignator=C19
Change Component Designator: OldDesignator=C19 NewDesignator=C20
Change Component Designator: OldDesignator=C?1 NewDesignator=C12
Change Net Name : Old Net Name=NetC14_1 New Net Name=NetC15_1
Change Net Name : Old Net Name=NetC14_2 New Net Name=NetC15_2
Change Net Name : Old Net Name=NetC16_1 New Net Name=NetC17_1
Change Net Name : Old Net Name=NetC16_2 New Net Name=NetC17_2
Change Net Name : Old Net Name=NetC18_1 New Net Name=NetC19_1
Change Net Name : Old Net Name=NetC18_2 New Net Name=NetC19_2
Added Member To Class: ClassName=U_Motor Driver Member=Component C13 (C3) 0603,X7R,15nF,50V,10%
Added Member To Class: ClassName=U_Motor Driver Member=Component C14 (C4) 0603,X7R,100nF,50V,10%
Added Member To Class: ClassName=U_Motor Phase1 Member=Component C16 (C6) 0603,X7R,15nF,50V,10%
Added Member To Class: ClassName=U_Motor Phase2 Member=Component C18 (C6) 0603,X7R,15nF,50V,10%
Added Member To Class: ClassName=U_Motor Phase3 Member=Component C20 (C6) 0603,X7R,15nF,50V,10%
Added Member To Class: ClassName=High-Current Member=Wire NetC15_1
Added Member To Class: ClassName=High-Current Member=Wire NetC17_1
Added Member To Class: ClassName=High-Current Member=Wire NetC19_1
