Removed Member From Class: ClassName=U_Motor Driver Member=C5
Removed Member From Class: ClassName=U_Motor Driver Member=C7
Removed Member From Class: ClassName=U_Motor Driver Member=C9
Removed Member From Class: ClassName=U_Motor Phase1 Member=C11
Removed Member From Class: ClassName=U_STM32G4 Member=C13
Removed Member From Class: ClassName=U_STM32G4 Member=C15
Removed Member From Class: ClassName=U_STM32G4 Member=IC3
Removed Member From Class: ClassName=Top Level Member=J2
Removed Member From Class: ClassName=U_Motor Driver Member=R5
Removed Member From Class: ClassName=U_Motor Phase1 Member=R7
Removed Member From Class: ClassName=U_Motor Phase1 Member=R9
Removed Member From Class: ClassName=U_Motor Phase1 Member=R11
Removed Member From Class: ClassName=U_STM32G4 Member=R13
Add Pin To Net: Unknown Pin: Pin C13-N
Add Pin To Net: Unknown Pin: Pin C13-P
Add Pin To Net: Unknown Pin: Pin C14-N
Add Pin To Net: Unknown Pin: Pin C14-P
Added Class: Name=High-Current
Added Member To Class: ClassName=U_STM32G4 Member=Component C2 (C9) 0603,NP0,120pF,50V,5%
Added Member To Class: ClassName=U_STM32G4 Member=Component C4 (C11) 0603,X7R,100nF,50V,10%
Added Member To Class: ClassName=U_STM32G4 Member=Component C8 (C15) 0603,X7R,100nF,50V,10%
Added Member To Class: ClassName=U_STM32G4 Member=Component C10 (C17) 0603,X7R,100nF,50V,10%
Added Member To Class: ClassName=U_Motor Driver Member=Component C12 (C1) 0805,X5R,10uF,25V,10%
Added Member To Class: ClassName=U_Motor Driver Member=Component C14 (C3) 470uF,35V,20%
Added Member To Class: ClassName=U_Motor Driver Member=Component C16 (C5) 0603,X7R,100nF,50V,10%
Added Member To Class: ClassName=U_Motor Phase1 Member=Component C18 (C7) 0603,X7R,15nF,50V,10%
Added Member To Class: ClassName=U_STM32G4 Member=Component IC1 (IC3A) STM32G431CBT6
Added Member To Class: ClassName=U_Motor Driver Member=Component IC2 (IC1) DRV8300DPWR
Added Member To Class: ClassName=Top Level Member=Component J1 (J2) S4B-PH-K-S_LF__SN_
Added Member To Class: ClassName=U_STM32G4 Member=Component R2 (R9) 0603,4.7K,1%
Added Member To Class: ClassName=U_STM32G4 Member=Component R8 (R15) 0603,0R,5%
Added Member To Class: ClassName=U_STM32G4 Member=Component R10 (R17) 0603,1K,1%
Added Member To Class: ClassName=U_Motor Driver Member=Component R12 (R1) 0603,4.7K,1%
Added Member To Class: ClassName=U_Motor Phase1 Member=Component R14 (R3) 0603,130R,1%
Added Member To Class: ClassName=U_Motor Phase1 Member=Component R16 (R5) 0603,130R,1%
Added Member To Class: ClassName=U_Motor Phase1 Member=Component R18 (R7) 1210, 1mR, 1%
