Change Component Physical Designator: Old Designator=C1 New Designator=C12
Change Component Physical Designator: Old Designator=C2 New Designator=C13
Change Component Physical Designator: Old Designator=C3 New Designator=C14
Change Component Physical Designator: Old Designator=C4 New Designator=C15
Change Component Physical Designator: Old Designator=C5 New Designator=C16
Change Component Physical Designator: Old Designator=C6_U_Motor Phase1 New Designator=C17
Change Component Physical Designator: Old Designator=C6_U_Motor Phase2 New Designator=C19
Change Component Physical Designator: Old Designator=C6_U_Motor Phase3 New Designator=C21
Change Component Physical Designator: Old Designator=C7_U_Motor Phase1 New Designator=C18
Change Component Physical Designator: Old Designator=C7_U_Motor Phase2 New Designator=C20
Change Component Physical Designator: Old Designator=C7_U_Motor Phase3 New Designator=C22
Change Component Physical Designator: Old Designator=C8 New Designator=C1
Change Component Physical Designator: Old Designator=C9 New Designator=C2
Change Component Physical Designator: Old Designator=C10 New Designator=C3
Change Component Physical Designator: Old Designator=C11 New Designator=C4
Change Component Physical Designator: Old Designator=C12 New Designator=C5
Change Component Physical Designator: Old Designator=C13 New Designator=C6
Change Component Physical Designator: Old Designator=C14 New Designator=C7
Change Component Physical Designator: Old Designator=C15 New Designator=C8
Change Component Physical Designator: Old Designator=C16 New Designator=C9
Change Component Physical Designator: Old Designator=C17 New Designator=C10
Change Component Physical Designator: Old Designator=C18 New Designator=C11
Change Component Physical Designator: Old Designator=IC1 New Designator=IC2
Change Component Physical Designator: Old Designator=IC2 New Designator=IC3
Change Component Physical Designator: Old Designator=IC3 New Designator=IC1
Change Component Physical Designator: Old Designator=IC3 New Designator=IC1
Change Component Physical Designator: Old Designator=IC3 New Designator=IC1
Change Component Physical Designator: Old Designator=J1 New Designator=J2
Change Component Physical Designator: Old Designator=J1 New Designator=J2
Change Component Physical Designator: Old Designator=J2 New Designator=J1
Change Component Physical Designator: Old Designator=Q1_U_Motor Phase1 New Designator=Q1
Change Component Physical Designator: Old Designator=Q1_U_Motor Phase2 New Designator=Q3
Change Component Physical Designator: Old Designator=Q1_U_Motor Phase3 New Designator=Q5
Change Component Physical Designator: Old Designator=Q2_U_Motor Phase1 New Designator=Q2
Change Component Physical Designator: Old Designator=Q2_U_Motor Phase2 New Designator=Q4
Change Component Physical Designator: Old Designator=Q2_U_Motor Phase3 New Designator=Q6
Change Component Physical Designator: Old Designator=R1 New Designator=R12
Change Component Physical Designator: Old Designator=R2 New Designator=R13
Change Component Physical Designator: Old Designator=R3_U_Motor Phase1 New Designator=R14
Change Component Physical Designator: Old Designator=R3_U_Motor Phase2 New Designator=R19
Change Component Physical Designator: Old Designator=R3_U_Motor Phase3 New Designator=R24
Change Component Physical Designator: Old Designator=R4_U_Motor Phase1 New Designator=R15
Change Component Physical Designator: Old Designator=R4_U_Motor Phase2 New Designator=R20
Change Component Physical Designator: Old Designator=R4_U_Motor Phase3 New Designator=R25
Change Component Physical Designator: Old Designator=R5_U_Motor Phase1 New Designator=R16
Change Component Physical Designator: Old Designator=R5_U_Motor Phase2 New Designator=R21
Change Component Physical Designator: Old Designator=R5_U_Motor Phase3 New Designator=R26
Change Component Physical Designator: Old Designator=R6_U_Motor Phase1 New Designator=R17
Change Component Physical Designator: Old Designator=R6_U_Motor Phase2 New Designator=R22
Change Component Physical Designator: Old Designator=R6_U_Motor Phase3 New Designator=R27
Change Component Physical Designator: Old Designator=R7_U_Motor Phase1 New Designator=R18
Change Component Physical Designator: Old Designator=R7_U_Motor Phase2 New Designator=R23
Change Component Physical Designator: Old Designator=R7_U_Motor Phase3 New Designator=R28
Change Component Physical Designator: Old Designator=R8 New Designator=R1
Change Component Physical Designator: Old Designator=R9 New Designator=R2
Change Component Physical Designator: Old Designator=R10 New Designator=R3
Change Component Physical Designator: Old Designator=R11 New Designator=R4
Change Component Physical Designator: Old Designator=R12 New Designator=R5
Change Component Physical Designator: Old Designator=R13 New Designator=R6
Change Component Physical Designator: Old Designator=R14 New Designator=R7
Change Component Physical Designator: Old Designator=R15 New Designator=R8
Change Component Physical Designator: Old Designator=R16 New Designator=R9
Change Component Physical Designator: Old Designator=R17 New Designator=R10
Change Component Physical Designator: Old Designator=R18 New Designator=R11
