Removed Pin From Net: NetName=TIM1_CH1 Pin=IC2-1
Removed Pin From Net: NetName=TIM1_CH3 Pin=IC2-3
Removed Pin From Net: NetName=TIM1_CH1N Pin=IC2-4
Removed Pin From Net: NetName=TIM1_CH3N Pin=IC2-6
Change Component Designator: OldDesignator=C1 NewDesignator=C8
Change Component Designator: OldDesignator=C2 NewDesignator=C9
Change Component Designator: OldDesignator=C3 NewDesignator=C10
Change Component Designator: OldDesignator=C4 NewDesignator=C11
Change Component Designator: OldDesignator=C5 NewDesignator=C12
Change Component Designator: OldDesignator=C6 NewDesignator=C13
Change Component Designator: OldDesignator=C7 NewDesignator=C14
Change Component Designator: OldDesignator=C8 NewDesignator=C15
Change Component Designator: OldDesignator=C9 NewDesignator=C16
Change Component Designator: OldDesignator=C10 NewDesignator=C17
Change Component Designator: OldDesignator=C11 NewDesignator=C18
Change Component Designator: OldDesignator=C12 NewDesignator=C1
Change Component Designator: OldDesignator=C13 NewDesignator=C2
Change Component Designator: OldDesignator=C14 NewDesignator=C3
Change Component Designator: OldDesignator=C15 NewDesignator=C4
Change Component Designator: OldDesignator=C16 NewDesignator=C5
Change Component Designator: OldDesignator=C17 NewDesignator=C6_U_Motor Phase1
Change Component Designator: OldDesignator=C18 NewDesignator=C7_U_Motor Phase1
Change Component Designator: OldDesignator=C19 NewDesignator=C6_U_Motor Phase2
Change Component Designator: OldDesignator=C20 NewDesignator=C7_U_Motor Phase2
Change Component Designator: OldDesignator=C21 NewDesignator=C6_U_Motor Phase3
Change Component Designator: OldDesignator=C22 NewDesignator=C7_U_Motor Phase3
Change Component Designator: OldDesignator=IC1 NewDesignator=IC3
Change Component Designator: OldDesignator=IC2 NewDesignator=IC1
Change Component Designator: OldDesignator=IC3 NewDesignator=IC2
Change Component Designator: OldDesignator=J1 NewDesignator=J2
Change Component Designator: OldDesignator=J2 NewDesignator=J1
Change Component Designator: OldDesignator=Q1 NewDesignator=Q1_U_Motor Phase1
Change Component Designator: OldDesignator=Q2 NewDesignator=Q2_U_Motor Phase1
Change Component Designator: OldDesignator=Q3 NewDesignator=Q1_U_Motor Phase2
Change Component Designator: OldDesignator=Q4 NewDesignator=Q2_U_Motor Phase2
Change Component Designator: OldDesignator=Q5 NewDesignator=Q1_U_Motor Phase3
Change Component Designator: OldDesignator=Q6 NewDesignator=Q2_U_Motor Phase3
Change Component Designator: OldDesignator=R1 NewDesignator=R8
Change Component Designator: OldDesignator=R2 NewDesignator=R9
Change Component Designator: OldDesignator=R3 NewDesignator=R10
Change Component Designator: OldDesignator=R4 NewDesignator=R11
Change Component Designator: OldDesignator=R5 NewDesignator=R12
Change Component Designator: OldDesignator=R6 NewDesignator=R13
Change Component Designator: OldDesignator=R7 NewDesignator=R14
Change Component Designator: OldDesignator=R8 NewDesignator=R15
Change Component Designator: OldDesignator=R9 NewDesignator=R16
Change Component Designator: OldDesignator=R10 NewDesignator=R17
Change Component Designator: OldDesignator=R11 NewDesignator=R18
Change Component Designator: OldDesignator=R12 NewDesignator=R1
Change Component Designator: OldDesignator=R13 NewDesignator=R2
Change Component Designator: OldDesignator=R14 NewDesignator=R3_U_Motor Phase1
Change Component Designator: OldDesignator=R15 NewDesignator=R4_U_Motor Phase1
Change Component Designator: OldDesignator=R16 NewDesignator=R5_U_Motor Phase1
Change Component Designator: OldDesignator=R17 NewDesignator=R6_U_Motor Phase1
Change Component Designator: OldDesignator=R18 NewDesignator=R7_U_Motor Phase1
Change Component Designator: OldDesignator=R19 NewDesignator=R3_U_Motor Phase2
Change Component Designator: OldDesignator=R20 NewDesignator=R4_U_Motor Phase2
Change Component Designator: OldDesignator=R21 NewDesignator=R5_U_Motor Phase2
Change Component Designator: OldDesignator=R22 NewDesignator=R6_U_Motor Phase2
Change Component Designator: OldDesignator=R23 NewDesignator=R7_U_Motor Phase2
Change Component Designator: OldDesignator=R24 NewDesignator=R3_U_Motor Phase3
Change Component Designator: OldDesignator=R25 NewDesignator=R4_U_Motor Phase3
Change Component Designator: OldDesignator=R26 NewDesignator=R5_U_Motor Phase3
Change Component Designator: OldDesignator=R27 NewDesignator=R6_U_Motor Phase3
Change Component Designator: OldDesignator=R28 NewDesignator=R7_U_Motor Phase3
Add Pin To Net: Unknown Pin: Pin C2-N
Add Pin To Net: Unknown Pin: Pin C2-P
Add Pin To Net: Unknown Pin: Pin C3-N
Add Pin To Net: Unknown Pin: Pin C3-P
Added Pin To Net: NetName=TIM1_CH3 Pin=IC1-1
Added Pin To Net: NetName=TIM1_CH1 Pin=IC1-3
Added Pin To Net: NetName=TIM1_CH3N Pin=IC1-4
Added Pin To Net: NetName=TIM1_CH1N Pin=IC1-6
Change Net Name : Old Net Name=NetC17_1 New Net Name=NetC6_U_Motor Phase1_1
Change Net Name : Old Net Name=NetC17_2 New Net Name=NetC6_U_Motor Phase1_2
Change Net Name : Old Net Name=NetC19_1 New Net Name=NetC6_U_Motor Phase2_1
Change Net Name : Old Net Name=NetC19_2 New Net Name=NetC6_U_Motor Phase2_2
Change Net Name : Old Net Name=NetC21_1 New Net Name=NetC6_U_Motor Phase3_1
Change Net Name : Old Net Name=NetC21_2 New Net Name=NetC6_U_Motor Phase3_2
Change Net Name : Old Net Name=NetIC1_45 New Net Name=NetIC3_45
Change Net Name : Old Net Name=NetIC2_9 New Net Name=NetIC1_9
Change Net Name : Old Net Name=NetIC2_10 New Net Name=NetIC1_10
Change Net Name : Old Net Name=NetIC2_11 New Net Name=NetIC1_11
Change Net Name : Old Net Name=NetIC2_13 New Net Name=NetIC1_13
Change Net Name : Old Net Name=NetIC2_16 New Net Name=NetIC1_16
Change Net Name : Old Net Name=NetIC2_19 New Net Name=NetIC1_19
Change Net Name : Old Net Name=NetQ1_4 New Net Name=NetQ1_U_Motor Phase1_4
Change Net Name : Old Net Name=NetQ2_4 New Net Name=NetQ2_U_Motor Phase1_4
Change Net Name : Old Net Name=NetQ3_4 New Net Name=NetQ1_U_Motor Phase2_4
Change Net Name : Old Net Name=NetQ4_4 New Net Name=NetQ2_U_Motor Phase2_4
Change Net Name : Old Net Name=NetQ5_4 New Net Name=NetQ1_U_Motor Phase3_4
Change Net Name : Old Net Name=NetQ6_4 New Net Name=NetQ2_U_Motor Phase3_4
