Removed Pin From Net: NetName=GND Pin=C10-1
Removed Pin From Net: NetName=VDD Pin=C10-2
Removed Member From Class: ClassName=U_STM32G4 Member=C11
Removed Member From Class: ClassName=High-Current Member=NetC17_1
Removed Member From Class: ClassName=High-Current Member=NetC19_1
Removed Member From Class: ClassName=High-Current Member=NetC21_1
Change Component Designator: OldDesignator=C11 NewDesignator=C10
Change Component Designator: OldDesignator=C12 NewDesignator=C11
Change Component Designator: OldDesignator=C13 NewDesignator=C12
Change Component Designator: OldDesignator=C14 NewDesignator=C13
Change Component Designator: OldDesignator=C15 NewDesignator=C14
Change Component Designator: OldDesignator=C16 NewDesignator=C15
Change Component Designator: OldDesignator=C17 NewDesignator=C16
Change Component Designator: OldDesignator=C18 NewDesignator=C17
Change Component Designator: OldDesignator=C19 NewDesignator=C18
Change Component Designator: OldDesignator=C20 NewDesignator=C19
Change Component Designator: OldDesignator=C21 NewDesignator=C20
Change Component Designator: OldDesignator=C22 NewDesignator=C21
Change Net Name : Old Net Name=NetC17_1 New Net Name=NetC16_1
Change Net Name : Old Net Name=NetC17_2 New Net Name=NetC16_2
Change Net Name : Old Net Name=NetC19_1 New Net Name=NetC18_1
Change Net Name : Old Net Name=NetC19_2 New Net Name=NetC18_2
Change Net Name : Old Net Name=NetC21_1 New Net Name=NetC20_1
Change Net Name : Old Net Name=NetC21_2 New Net Name=NetC20_2
Added Member To Class: ClassName=High-Current Member=Wire NetC16_1
Added Member To Class: ClassName=High-Current Member=Wire NetC18_1
Added Member To Class: ClassName=High-Current Member=Wire NetC20_1
