Added Component: Designator=C1(CAPC2012X145N)
Add component (AddParameter): Name = "Arrow Part Number"; Value = "CC0805KKX5R8BB106"; VariantName = "[No Variations]"
Add component (AddParameter): Name = "Arrow Price/Stock"; Value = "https://www.arrow.com/en/products/cc0805kkx5r8bb106/yageo?utm_currency=USD&region=nac"; VariantName = "[No Variations]"
Add component (AddParameter): Name = "Datasheet Link"; Value = "https://www.yageo.com/upload/media/product/productsearch/datasheet/mlcc/UPY-GPHC_X5R_4V-to-50V_27.pdf"; VariantName = "[No Variations]"
Add component (AddParameter): Name = "Height"; Value = "1.45mm"; VariantName = "[No Variations]"
Add component (AddParameter): Name = "LCSC Part Number"; Value = "C89831"; VariantName = "[No Variations]"
Add component (AddParameter): Name = "Manufacturer_Name"; Value = "YAGEO"; VariantName = "[No Variations]"
Add component (AddParameter): Name = "Manufacturer_Part_Number"; Value = "CC0805KKX5R8BB106"; VariantName = "[No Variations]"
Add component (AddParameter): Name = "Mouser Part Number"; Value = "603-CC805KKX5R8BB106"; VariantName = "[No Variations]"
Add component (AddParameter): Name = "Mouser Price/Stock"; Value = "https://www.mouser.co.uk/ProductDetail/YAGEO/CC0805KKX5R8BB106?qs=57cj7OiSijm89pM64t1AGQ%3D%3D"; VariantName = "[No Variations]"
Added Component: Designator=C2(CAP-TH_BD10.0-P5.00-D1.0-FD)
Add component (AddParameter): Name = "LCSC Part #"; Value = "C88732"; VariantName = "[No Variations]"
Added Component: Designator=C3(CAP-TH_BD10.0-P5.00-D1.0-FD)
Add component (AddParameter): Name = "LCSC Part #"; Value = "C88732"; VariantName = "[No Variations]"
Added Component: Designator=C4(CAPC1608X90N)
Add component (AddParameter): Name = "Arrow Part Number"; Value = "CC0603KRX7R9BB104"; VariantName = "[No Variations]"
Add component (AddParameter): Name = "Arrow Price/Stock"; Value = "https://www.arrow.com/en/products/cc0603krx7r9bb104/yageo?utm_currency=USD&region=europe"; VariantName = "[No Variations]"
Add component (AddParameter): Name = "Datasheet Link"; Value = "https://componentsearchengine.com/Datasheets/2/CC0603KRX7R9BB104.pdf"; VariantName = "[No Variations]"
Add component (AddParameter): Name = "Height"; Value = "0.9mm"; VariantName = "[No Variations]"
Add component (AddParameter): Name = "LCSC Part #"; Value = "C107076"; VariantName = "[No Variations]"
Add component (AddParameter): Name = "Manufacturer_Name"; Value = "YAGEO"; VariantName = "[No Variations]"
Add component (AddParameter): Name = "Manufacturer_Part_Number"; Value = "CC0603KRX7R9BB153"; VariantName = "[No Variations]"
Add component (AddParameter): Name = "Mouser Part Number"; Value = "603-CC603KRX7R9BB104"; VariantName = "[No Variations]"
Add component (AddParameter): Name = "Mouser Price/Stock"; Value = "https://www.mouser.co.uk/ProductDetail/YAGEO/CC0603KRX7R9BB104?qs=vTakOoo5QyLvVCYM2ge8LQ%3D%3D"; VariantName = "[No Variations]"
Added Component: Designator=C5(CAPC1608X90N)
Add component (AddParameter): Name = "Arrow Part Number"; Value = "CC0603KRX7R9BB104"; VariantName = "[No Variations]"
Add component (AddParameter): Name = "Arrow Price/Stock"; Value = "https://www.arrow.com/en/products/cc0603krx7r9bb104/yageo?utm_currency=USD&region=europe"; VariantName = "[No Variations]"
Add component (AddParameter): Name = "Datasheet Link"; Value = "https://componentsearchengine.com/Datasheets/2/CC0603KRX7R9BB104.pdf"; VariantName = "[No Variations]"
Add component (AddParameter): Name = "Height"; Value = "0.9mm"; VariantName = "[No Variations]"
Add component (AddParameter): Name = "LCSC Part #"; Value = "C14663"; VariantName = "[No Variations]"
Add component (AddParameter): Name = "Manufacturer_Name"; Value = "YAGEO"; VariantName = "[No Variations]"
Add component (AddParameter): Name = "Manufacturer_Part_Number"; Value = "CC0603KRX7R9BB104"; VariantName = "[No Variations]"
Add component (AddParameter): Name = "Mouser Part Number"; Value = "603-CC603KRX7R9BB104"; VariantName = "[No Variations]"
Add component (AddParameter): Name = "Mouser Price/Stock"; Value = "https://www.mouser.co.uk/ProductDetail/YAGEO/CC0603KRX7R9BB104?qs=vTakOoo5QyLvVCYM2ge8LQ%3D%3D"; VariantName = "[No Variations]"
Added Component: Designator=C6_U_Motor Phase1(CAPC1608X90N)
Add component (AddParameter): Name = "Arrow Part Number"; Value = "CC0603KRX7R9BB104"; VariantName = "[No Variations]"
Add component (AddParameter): Name = "Arrow Price/Stock"; Value = "https://www.arrow.com/en/products/cc0603krx7r9bb104/yageo?utm_currency=USD&region=europe"; VariantName = "[No Variations]"
Add component (AddParameter): Name = "Datasheet Link"; Value = "https://componentsearchengine.com/Datasheets/2/CC0603KRX7R9BB104.pdf"; VariantName = "[No Variations]"
Add component (AddParameter): Name = "Height"; Value = "0.9mm"; VariantName = "[No Variations]"
Add component (AddParameter): Name = "LCSC Part #"; Value = "C14663"; VariantName = "[No Variations]"
Add component (AddParameter): Name = "Manufacturer_Name"; Value = "YAGEO"; VariantName = "[No Variations]"
Add component (AddParameter): Name = "Manufacturer_Part_Number"; Value = "CC0603KRX7R9BB104"; VariantName = "[No Variations]"
Add component (AddParameter): Name = "Mouser Part Number"; Value = "603-CC603KRX7R9BB104"; VariantName = "[No Variations]"
Add component (AddParameter): Name = "Mouser Price/Stock"; Value = "https://www.mouser.co.uk/ProductDetail/YAGEO/CC0603KRX7R9BB104?qs=vTakOoo5QyLvVCYM2ge8LQ%3D%3D"; VariantName = "[No Variations]"
Added Component: Designator=C6_U_Motor Phase2(CAPC1608X90N)
Add component (AddParameter): Name = "Arrow Part Number"; Value = "CC0603KRX7R9BB104"; VariantName = "[No Variations]"
Add component (AddParameter): Name = "Arrow Price/Stock"; Value = "https://www.arrow.com/en/products/cc0603krx7r9bb104/yageo?utm_currency=USD&region=europe"; VariantName = "[No Variations]"
Add component (AddParameter): Name = "Datasheet Link"; Value = "https://componentsearchengine.com/Datasheets/2/CC0603KRX7R9BB104.pdf"; VariantName = "[No Variations]"
Add component (AddParameter): Name = "Height"; Value = "0.9mm"; VariantName = "[No Variations]"
Add component (AddParameter): Name = "LCSC Part #"; Value = "C14663"; VariantName = "[No Variations]"
Add component (AddParameter): Name = "Manufacturer_Name"; Value = "YAGEO"; VariantName = "[No Variations]"
Add component (AddParameter): Name = "Manufacturer_Part_Number"; Value = "CC0603KRX7R9BB104"; VariantName = "[No Variations]"
Add component (AddParameter): Name = "Mouser Part Number"; Value = "603-CC603KRX7R9BB104"; VariantName = "[No Variations]"
Add component (AddParameter): Name = "Mouser Price/Stock"; Value = "https://www.mouser.co.uk/ProductDetail/YAGEO/CC0603KRX7R9BB104?qs=vTakOoo5QyLvVCYM2ge8LQ%3D%3D"; VariantName = "[No Variations]"
Added Component: Designator=C6_U_Motor Phase3(CAPC1608X90N)
Add component (AddParameter): Name = "Arrow Part Number"; Value = "CC0603KRX7R9BB104"; VariantName = "[No Variations]"
Add component (AddParameter): Name = "Arrow Price/Stock"; Value = "https://www.arrow.com/en/products/cc0603krx7r9bb104/yageo?utm_currency=USD&region=europe"; VariantName = "[No Variations]"
Add component (AddParameter): Name = "Datasheet Link"; Value = "https://componentsearchengine.com/Datasheets/2/CC0603KRX7R9BB104.pdf"; VariantName = "[No Variations]"
Add component (AddParameter): Name = "Height"; Value = "0.9mm"; VariantName = "[No Variations]"
Add component (AddParameter): Name = "LCSC Part #"; Value = "C14663"; VariantName = "[No Variations]"
Add component (AddParameter): Name = "Manufacturer_Name"; Value = "YAGEO"; VariantName = "[No Variations]"
Add component (AddParameter): Name = "Manufacturer_Part_Number"; Value = "CC0603KRX7R9BB104"; VariantName = "[No Variations]"
Add component (AddParameter): Name = "Mouser Part Number"; Value = "603-CC603KRX7R9BB104"; VariantName = "[No Variations]"
Add component (AddParameter): Name = "Mouser Price/Stock"; Value = "https://www.mouser.co.uk/ProductDetail/YAGEO/CC0603KRX7R9BB104?qs=vTakOoo5QyLvVCYM2ge8LQ%3D%3D"; VariantName = "[No Variations]"
Added Component: Designator=C7_U_Motor Phase1(CAPC1608X90N)
Add component (AddParameter): Name = "Arrow Part Number"; Value = "CC0603KRX7R9BB104"; VariantName = "[No Variations]"
Add component (AddParameter): Name = "Arrow Price/Stock"; Value = "https://www.arrow.com/en/products/cc0603krx7r9bb104/yageo?utm_currency=USD&region=europe"; VariantName = "[No Variations]"
Add component (AddParameter): Name = "Datasheet Link"; Value = "https://componentsearchengine.com/Datasheets/2/CC0603KRX7R9BB104.pdf"; VariantName = "[No Variations]"
Add component (AddParameter): Name = "Height"; Value = "0.9mm"; VariantName = "[No Variations]"
Add component (AddParameter): Name = "LCSC Part #"; Value = "C107076"; VariantName = "[No Variations]"
Add component (AddParameter): Name = "Manufacturer_Name"; Value = "YAGEO"; VariantName = "[No Variations]"
Add component (AddParameter): Name = "Manufacturer_Part_Number"; Value = "CC0603KRX7R9BB153"; VariantName = "[No Variations]"
Add component (AddParameter): Name = "Mouser Part Number"; Value = "603-CC603KRX7R9BB104"; VariantName = "[No Variations]"
Add component (AddParameter): Name = "Mouser Price/Stock"; Value = "https://www.mouser.co.uk/ProductDetail/YAGEO/CC0603KRX7R9BB104?qs=vTakOoo5QyLvVCYM2ge8LQ%3D%3D"; VariantName = "[No Variations]"
Added Component: Designator=C7_U_Motor Phase2(CAPC1608X90N)
Add component (AddParameter): Name = "Arrow Part Number"; Value = "CC0603KRX7R9BB104"; VariantName = "[No Variations]"
Add component (AddParameter): Name = "Arrow Price/Stock"; Value = "https://www.arrow.com/en/products/cc0603krx7r9bb104/yageo?utm_currency=USD&region=europe"; VariantName = "[No Variations]"
Add component (AddParameter): Name = "Datasheet Link"; Value = "https://componentsearchengine.com/Datasheets/2/CC0603KRX7R9BB104.pdf"; VariantName = "[No Variations]"
Add component (AddParameter): Name = "Height"; Value = "0.9mm"; VariantName = "[No Variations]"
Add component (AddParameter): Name = "LCSC Part #"; Value = "C107076"; VariantName = "[No Variations]"
Add component (AddParameter): Name = "Manufacturer_Name"; Value = "YAGEO"; VariantName = "[No Variations]"
Add component (AddParameter): Name = "Manufacturer_Part_Number"; Value = "CC0603KRX7R9BB153"; VariantName = "[No Variations]"
Add component (AddParameter): Name = "Mouser Part Number"; Value = "603-CC603KRX7R9BB104"; VariantName = "[No Variations]"
Add component (AddParameter): Name = "Mouser Price/Stock"; Value = "https://www.mouser.co.uk/ProductDetail/YAGEO/CC0603KRX7R9BB104?qs=vTakOoo5QyLvVCYM2ge8LQ%3D%3D"; VariantName = "[No Variations]"
Added Component: Designator=C7_U_Motor Phase3(CAPC1608X90N)
Add component (AddParameter): Name = "Arrow Part Number"; Value = "CC0603KRX7R9BB104"; VariantName = "[No Variations]"
Add component (AddParameter): Name = "Arrow Price/Stock"; Value = "https://www.arrow.com/en/products/cc0603krx7r9bb104/yageo?utm_currency=USD&region=europe"; VariantName = "[No Variations]"
Add component (AddParameter): Name = "Datasheet Link"; Value = "https://componentsearchengine.com/Datasheets/2/CC0603KRX7R9BB104.pdf"; VariantName = "[No Variations]"
Add component (AddParameter): Name = "Height"; Value = "0.9mm"; VariantName = "[No Variations]"
Add component (AddParameter): Name = "LCSC Part #"; Value = "C107076"; VariantName = "[No Variations]"
Add component (AddParameter): Name = "Manufacturer_Name"; Value = "YAGEO"; VariantName = "[No Variations]"
Add component (AddParameter): Name = "Manufacturer_Part_Number"; Value = "CC0603KRX7R9BB153"; VariantName = "[No Variations]"
Add component (AddParameter): Name = "Mouser Part Number"; Value = "603-CC603KRX7R9BB104"; VariantName = "[No Variations]"
Add component (AddParameter): Name = "Mouser Price/Stock"; Value = "https://www.mouser.co.uk/ProductDetail/YAGEO/CC0603KRX7R9BB104?qs=vTakOoo5QyLvVCYM2ge8LQ%3D%3D"; VariantName = "[No Variations]"
Added Component: Designator=C8(CAPC1608X90N)
Add component (AddParameter): Name = "Arrow Part Number"; Value = "CC0603KRX7R9BB104"; VariantName = "[No Variations]"
Add component (AddParameter): Name = "Arrow Price/Stock"; Value = "https://www.arrow.com/en/products/cc0603krx7r9bb104/yageo?utm_currency=USD&region=europe"; VariantName = "[No Variations]"
Add component (AddParameter): Name = "Datasheet Link"; Value = "https://componentsearchengine.com/Datasheets/2/CC0603KRX7R9BB104.pdf"; VariantName = "[No Variations]"
Add component (AddParameter): Name = "Height"; Value = "0.9mm"; VariantName = "[No Variations]"
Add component (AddParameter): Name = "LCSC Part #"; Value = "C107035"; VariantName = "[No Variations]"
Add component (AddParameter): Name = "Manufacturer_Name"; Value = "YAGEO"; VariantName = "[No Variations]"
Add component (AddParameter): Name = "Manufacturer_Part_Number"; Value = "CC0603JRNPO9BN121"; VariantName = "[No Variations]"
Add component (AddParameter): Name = "Mouser Part Number"; Value = "603-CC603KRX7R9BB104"; VariantName = "[No Variations]"
Add component (AddParameter): Name = "Mouser Price/Stock"; Value = "https://www.mouser.co.uk/ProductDetail/YAGEO/CC0603KRX7R9BB104?qs=vTakOoo5QyLvVCYM2ge8LQ%3D%3D"; VariantName = "[No Variations]"
Added Component: Designator=C9(CAPC1608X90N)
Add component (AddParameter): Name = "Arrow Part Number"; Value = "CC0603KRX7R9BB104"; VariantName = "[No Variations]"
Add component (AddParameter): Name = "Arrow Price/Stock"; Value = "https://www.arrow.com/en/products/cc0603krx7r9bb104/yageo?utm_currency=USD&region=europe"; VariantName = "[No Variations]"
Add component (AddParameter): Name = "Datasheet Link"; Value = "https://componentsearchengine.com/Datasheets/2/CC0603KRX7R9BB104.pdf"; VariantName = "[No Variations]"
Add component (AddParameter): Name = "Height"; Value = "0.9mm"; VariantName = "[No Variations]"
Add component (AddParameter): Name = "LCSC Part #"; Value = "C107035"; VariantName = "[No Variations]"
Add component (AddParameter): Name = "Manufacturer_Name"; Value = "YAGEO"; VariantName = "[No Variations]"
Add component (AddParameter): Name = "Manufacturer_Part_Number"; Value = "CC0603JRNPO9BN121"; VariantName = "[No Variations]"
Add component (AddParameter): Name = "Mouser Part Number"; Value = "603-CC603KRX7R9BB104"; VariantName = "[No Variations]"
Add component (AddParameter): Name = "Mouser Price/Stock"; Value = "https://www.mouser.co.uk/ProductDetail/YAGEO/CC0603KRX7R9BB104?qs=vTakOoo5QyLvVCYM2ge8LQ%3D%3D"; VariantName = "[No Variations]"
Added Component: Designator=C10(CAPC2012X145N)
Add component (AddParameter): Name = "Arrow Part Number"; Value = "CC0805KKX5R8BB106"; VariantName = "[No Variations]"
Add component (AddParameter): Name = "Arrow Price/Stock"; Value = "https://www.arrow.com/en/products/cc0805kkx5r8bb106/yageo?utm_currency=USD&region=nac"; VariantName = "[No Variations]"
Add component (AddParameter): Name = "Datasheet Link"; Value = "https://www.yageo.com/upload/media/product/productsearch/datasheet/mlcc/UPY-GPHC_X5R_4V-to-50V_27.pdf"; VariantName = "[No Variations]"
Add component (AddParameter): Name = "Height"; Value = "1.45mm"; VariantName = "[No Variations]"
Add component (AddParameter): Name = "LCSC Part Number"; Value = "C89831"; VariantName = "[No Variations]"
Add component (AddParameter): Name = "Manufacturer_Name"; Value = "YAGEO"; VariantName = "[No Variations]"
Add component (AddParameter): Name = "Manufacturer_Part_Number"; Value = "CC0805KKX5R8BB106"; VariantName = "[No Variations]"
Add component (AddParameter): Name = "Mouser Part Number"; Value = "603-CC805KKX5R8BB106"; VariantName = "[No Variations]"
Add component (AddParameter): Name = "Mouser Price/Stock"; Value = "https://www.mouser.co.uk/ProductDetail/YAGEO/CC0805KKX5R8BB106?qs=57cj7OiSijm89pM64t1AGQ%3D%3D"; VariantName = "[No Variations]"
Added Component: Designator=C11(CAPC1608X90N)
Add component (AddParameter): Name = "Arrow Part Number"; Value = "CC0603KRX7R9BB104"; VariantName = "[No Variations]"
Add component (AddParameter): Name = "Arrow Price/Stock"; Value = "https://www.arrow.com/en/products/cc0603krx7r9bb104/yageo?utm_currency=USD&region=europe"; VariantName = "[No Variations]"
Add component (AddParameter): Name = "Datasheet Link"; Value = "https://componentsearchengine.com/Datasheets/2/CC0603KRX7R9BB104.pdf"; VariantName = "[No Variations]"
Add component (AddParameter): Name = "Height"; Value = "0.9mm"; VariantName = "[No Variations]"
Add component (AddParameter): Name = "LCSC Part #"; Value = "C14663"; VariantName = "[No Variations]"
Add component (AddParameter): Name = "Manufacturer_Name"; Value = "YAGEO"; VariantName = "[No Variations]"
Add component (AddParameter): Name = "Manufacturer_Part_Number"; Value = "CC0603KRX7R9BB104"; VariantName = "[No Variations]"
Add component (AddParameter): Name = "Mouser Part Number"; Value = "603-CC603KRX7R9BB104"; VariantName = "[No Variations]"
Add component (AddParameter): Name = "Mouser Price/Stock"; Value = "https://www.mouser.co.uk/ProductDetail/YAGEO/CC0603KRX7R9BB104?qs=vTakOoo5QyLvVCYM2ge8LQ%3D%3D"; VariantName = "[No Variations]"
Added Component: Designator=C12(CAPC1608X90N)
Add component (AddParameter): Name = "Arrow Part Number"; Value = "CC0603KRX7R9BB104"; VariantName = "[No Variations]"
Add component (AddParameter): Name = "Arrow Price/Stock"; Value = "https://www.arrow.com/en/products/cc0603krx7r9bb104/yageo?utm_currency=USD&region=europe"; VariantName = "[No Variations]"
Add component (AddParameter): Name = "Datasheet Link"; Value = "https://componentsearchengine.com/Datasheets/2/CC0603KRX7R9BB104.pdf"; VariantName = "[No Variations]"
Add component (AddParameter): Name = "Height"; Value = "0.9mm"; VariantName = "[No Variations]"
Add component (AddParameter): Name = "LCSC Part #"; Value = "C14663"; VariantName = "[No Variations]"
Add component (AddParameter): Name = "Manufacturer_Name"; Value = "YAGEO"; VariantName = "[No Variations]"
Add component (AddParameter): Name = "Manufacturer_Part_Number"; Value = "CC0603KRX7R9BB104"; VariantName = "[No Variations]"
Add component (AddParameter): Name = "Mouser Part Number"; Value = "603-CC603KRX7R9BB104"; VariantName = "[No Variations]"
Add component (AddParameter): Name = "Mouser Price/Stock"; Value = "https://www.mouser.co.uk/ProductDetail/YAGEO/CC0603KRX7R9BB104?qs=vTakOoo5QyLvVCYM2ge8LQ%3D%3D"; VariantName = "[No Variations]"
Added Component: Designator=C13(CAPC1608X90N)
Add component (AddParameter): Name = "Arrow Part Number"; Value = "CC0603KRX7R9BB104"; VariantName = "[No Variations]"
Add component (AddParameter): Name = "Arrow Price/Stock"; Value = "https://www.arrow.com/en/products/cc0603krx7r9bb104/yageo?utm_currency=USD&region=europe"; VariantName = "[No Variations]"
Add component (AddParameter): Name = "Datasheet Link"; Value = "https://componentsearchengine.com/Datasheets/2/CC0603KRX7R9BB104.pdf"; VariantName = "[No Variations]"
Add component (AddParameter): Name = "Height"; Value = "0.9mm"; VariantName = "[No Variations]"
Add component (AddParameter): Name = "LCSC Part #"; Value = "C14663"; VariantName = "[No Variations]"
Add component (AddParameter): Name = "Manufacturer_Name"; Value = "YAGEO"; VariantName = "[No Variations]"
Add component (AddParameter): Name = "Manufacturer_Part_Number"; Value = "CC0603KRX7R9BB104"; VariantName = "[No Variations]"
Add component (AddParameter): Name = "Mouser Part Number"; Value = "603-CC603KRX7R9BB104"; VariantName = "[No Variations]"
Add component (AddParameter): Name = "Mouser Price/Stock"; Value = "https://www.mouser.co.uk/ProductDetail/YAGEO/CC0603KRX7R9BB104?qs=vTakOoo5QyLvVCYM2ge8LQ%3D%3D"; VariantName = "[No Variations]"
Added Component: Designator=C14(CAPC1608X90N)
Add component (AddParameter): Name = "Arrow Part Number"; Value = "CC0603KRX7R9BB104"; VariantName = "[No Variations]"
Add component (AddParameter): Name = "Arrow Price/Stock"; Value = "https://www.arrow.com/en/products/cc0603krx7r9bb104/yageo?utm_currency=USD&region=europe"; VariantName = "[No Variations]"
Add component (AddParameter): Name = "Datasheet Link"; Value = "https://componentsearchengine.com/Datasheets/2/CC0603KRX7R9BB104.pdf"; VariantName = "[No Variations]"
Add component (AddParameter): Name = "Height"; Value = "0.9mm"; VariantName = "[No Variations]"
Add component (AddParameter): Name = "LCSC Part #"; Value = "C14663"; VariantName = "[No Variations]"
Add component (AddParameter): Name = "Manufacturer_Name"; Value = "YAGEO"; VariantName = "[No Variations]"
Add component (AddParameter): Name = "Manufacturer_Part_Number"; Value = "CC0603KRX7R9BB104"; VariantName = "[No Variations]"
Add component (AddParameter): Name = "Mouser Part Number"; Value = "603-CC603KRX7R9BB104"; VariantName = "[No Variations]"
Add component (AddParameter): Name = "Mouser Price/Stock"; Value = "https://www.mouser.co.uk/ProductDetail/YAGEO/CC0603KRX7R9BB104?qs=vTakOoo5QyLvVCYM2ge8LQ%3D%3D"; VariantName = "[No Variations]"
Added Component: Designator=C15(CAPC1608X90N)
Add component (AddParameter): Name = "Arrow Part Number"; Value = "CC0603KRX7R9BB104"; VariantName = "[No Variations]"
Add component (AddParameter): Name = "Arrow Price/Stock"; Value = "https://www.arrow.com/en/products/cc0603krx7r9bb104/yageo?utm_currency=USD&region=europe"; VariantName = "[No Variations]"
Add component (AddParameter): Name = "Datasheet Link"; Value = "https://componentsearchengine.com/Datasheets/2/CC0603KRX7R9BB104.pdf"; VariantName = "[No Variations]"
Add component (AddParameter): Name = "Height"; Value = "0.9mm"; VariantName = "[No Variations]"
Add component (AddParameter): Name = "LCSC Part #"; Value = "C14663"; VariantName = "[No Variations]"
Add component (AddParameter): Name = "Manufacturer_Name"; Value = "YAGEO"; VariantName = "[No Variations]"
Add component (AddParameter): Name = "Manufacturer_Part_Number"; Value = "CC0603KRX7R9BB104"; VariantName = "[No Variations]"
Add component (AddParameter): Name = "Mouser Part Number"; Value = "603-CC603KRX7R9BB104"; VariantName = "[No Variations]"
Add component (AddParameter): Name = "Mouser Price/Stock"; Value = "https://www.mouser.co.uk/ProductDetail/YAGEO/CC0603KRX7R9BB104?qs=vTakOoo5QyLvVCYM2ge8LQ%3D%3D"; VariantName = "[No Variations]"
Added Component: Designator=C16(CAPC1608X90N)
Add component (AddParameter): Name = "Arrow Part Number"; Value = "CC0603KRX7R9BB105"; VariantName = "[No Variations]"
Add component (AddParameter): Name = "Arrow Price/Stock"; Value = "https://www.arrow.com/en/products/cc0603krx7r9bb105/yageo?utm_currency=USD&region=nac"; VariantName = "[No Variations]"
Add component (AddParameter): Name = "Datasheet Link"; Value = "https://www.yageo.com/upload/media/product/app/datasheet/mlcc/upy-gphc_x7r_6_3v-to-250v.pdf"; VariantName = "[No Variations]"
Add component (AddParameter): Name = "Height"; Value = "0.95mm"; VariantName = "[No Variations]"
Add component (AddParameter): Name = "LCSC Part Number"; Value = "C559769"; VariantName = "[No Variations]"
Add component (AddParameter): Name = "Manufacturer_Name"; Value = "YAGEO"; VariantName = "[No Variations]"
Add component (AddParameter): Name = "Manufacturer_Part_Number"; Value = "CC0603KRX7R9BB105"; VariantName = "[No Variations]"
Add component (AddParameter): Name = "Mouser Part Number"; Value = "603-CC603KRX7R9BB105"; VariantName = "[No Variations]"
Add component (AddParameter): Name = "Mouser Price/Stock"; Value = "https://www.mouser.co.uk/ProductDetail/YAGEO/CC0603KRX7R9BB105?qs=6wERJjOp3mmF17%252BYi8cgJQ%3D%3D"; VariantName = "[No Variations]"
Added Component: Designator=C17(CAPC1608X90N)
Add component (AddParameter): Name = "Arrow Part Number"; Value = "CC0603KRX7R9BB104"; VariantName = "[No Variations]"
Add component (AddParameter): Name = "Arrow Price/Stock"; Value = "https://www.arrow.com/en/products/cc0603krx7r9bb104/yageo?utm_currency=USD&region=europe"; VariantName = "[No Variations]"
Add component (AddParameter): Name = "Datasheet Link"; Value = "https://componentsearchengine.com/Datasheets/2/CC0603KRX7R9BB104.pdf"; VariantName = "[No Variations]"
Add component (AddParameter): Name = "Height"; Value = "0.9mm"; VariantName = "[No Variations]"
Add component (AddParameter): Name = "LCSC Part #"; Value = "C14663"; VariantName = "[No Variations]"
Add component (AddParameter): Name = "Manufacturer_Name"; Value = "YAGEO"; VariantName = "[No Variations]"
Add component (AddParameter): Name = "Manufacturer_Part_Number"; Value = "CC0603KRX7R9BB104"; VariantName = "[No Variations]"
Add component (AddParameter): Name = "Mouser Part Number"; Value = "603-CC603KRX7R9BB104"; VariantName = "[No Variations]"
Add component (AddParameter): Name = "Mouser Price/Stock"; Value = "https://www.mouser.co.uk/ProductDetail/YAGEO/CC0603KRX7R9BB104?qs=vTakOoo5QyLvVCYM2ge8LQ%3D%3D"; VariantName = "[No Variations]"
Added Component: Designator=C18(CAPC1608X90N)
Add component (AddParameter): Name = "Arrow Part Number"; Value = "CC0603KRX7R9BB104"; VariantName = "[No Variations]"
Add component (AddParameter): Name = "Arrow Price/Stock"; Value = "https://www.arrow.com/en/products/cc0603krx7r9bb104/yageo?utm_currency=USD&region=europe"; VariantName = "[No Variations]"
Add component (AddParameter): Name = "Datasheet Link"; Value = "https://componentsearchengine.com/Datasheets/2/CC0603KRX7R9BB104.pdf"; VariantName = "[No Variations]"
Add component (AddParameter): Name = "Height"; Value = "0.9mm"; VariantName = "[No Variations]"
Add component (AddParameter): Name = "LCSC Part #"; Value = "C107035"; VariantName = "[No Variations]"
Add component (AddParameter): Name = "Manufacturer_Name"; Value = "YAGEO"; VariantName = "[No Variations]"
Add component (AddParameter): Name = "Manufacturer_Part_Number"; Value = "CC0603JRNPO9BN121"; VariantName = "[No Variations]"
Add component (AddParameter): Name = "Mouser Part Number"; Value = "603-CC603KRX7R9BB104"; VariantName = "[No Variations]"
Add component (AddParameter): Name = "Mouser Price/Stock"; Value = "https://www.mouser.co.uk/ProductDetail/YAGEO/CC0603KRX7R9BB104?qs=vTakOoo5QyLvVCYM2ge8LQ%3D%3D"; VariantName = "[No Variations]"
Added Component: Designator=IC1(SOP65P640X120-20N)
Add component (AddParameter): Name = "Arrow Part Number"; Value = "DRV8300DPWR"; VariantName = "[No Variations]"
Add component (AddParameter): Name = "Arrow Price/Stock"; Value = "https://www.arrow.com/en/products/drv8300dpwr/texas-instruments?utm_currency=USD&region=nac"; VariantName = "[No Variations]"
Add component (AddParameter): Name = "Datasheet Link"; Value = ""; VariantName = "[No Variations]"
Add component (AddParameter): Name = "Height"; Value = "1.2mm"; VariantName = "[No Variations]"
Add component (AddParameter): Name = "LCSC Part #"; Value = "C3036056"; VariantName = "[No Variations]"
Add component (AddParameter): Name = "Manufacturer_Name"; Value = "Texas Instruments"; VariantName = "[No Variations]"
Add component (AddParameter): Name = "Manufacturer_Part_Number"; Value = "DRV8300DPWR"; VariantName = "[No Variations]"
Add component (AddParameter): Name = "Mouser Part Number"; Value = "595-DRV8300DPWR"; VariantName = "[No Variations]"
Add component (AddParameter): Name = "Mouser Price/Stock"; Value = "https://www.mouser.co.uk/ProductDetail/Texas-Instruments/DRV8300DPWR?qs=eP2BKZSCXI6qJbKdYnGwBg%3D%3D"; VariantName = "[No Variations]"
Added Component: Designator=IC2(SOT95P237X112-3N)
Add component (AddParameter): Name = "Arrow Part Number"; Value = "TMP236A2DBZR"; VariantName = "[No Variations]"
Add component (AddParameter): Name = "Arrow Price/Stock"; Value = "https://www.arrow.com/en/products/tmp236a2dbzr/texas-instruments?region=nac"; VariantName = "[No Variations]"
Add component (AddParameter): Name = "Datasheet Link"; Value = "http://www.ti.com/lit/gpn/tmp236"; VariantName = "[No Variations]"
Add component (AddParameter): Name = "Height"; Value = "1.12mm"; VariantName = "[No Variations]"
Add component (AddParameter): Name = "LCSC Part #"; Value = "C2859666"; VariantName = "[No Variations]"
Add component (AddParameter): Name = "Manufacturer_Name"; Value = "Texas Instruments"; VariantName = "[No Variations]"
Add component (AddParameter): Name = "Manufacturer_Part_Number"; Value = "TMP236A2DBZR"; VariantName = "[No Variations]"
Add component (AddParameter): Name = "Mouser Part Number"; Value = "595-TMP236A2DBZR"; VariantName = "[No Variations]"
Add component (AddParameter): Name = "Mouser Price/Stock"; Value = "https://www.mouser.co.uk/ProductDetail/Texas-Instruments/TMP236A2DBZR?qs=lc2O%252BfHJPVanftlPgPUvow%3D%3D"; VariantName = "[No Variations]"
Added Component: Designator=IC3(QFP50P900X900X160-48N)
Add component (AddParameter): Name = "Arrow Part Number"; Value = "STM32G431CBT6"; VariantName = "[No Variations]"
Add component (AddParameter): Name = "Arrow Price/Stock"; Value = "https://www.arrow.com/en/products/stm32g431cbt6/stmicroelectronics?utm_currency=USD&region=nac"; VariantName = "[No Variations]"
Add component (AddParameter): Name = "Datasheet Link"; Value = "https://www.st.com/resource/en/datasheet/stm32g431cb.pdf"; VariantName = "[No Variations]"
Add component (AddParameter): Name = "Height"; Value = "1.6mm"; VariantName = "[No Variations]"
Add component (AddParameter): Name = "LCSC Part #"; Value = "C529355"; VariantName = "[No Variations]"
Add component (AddParameter): Name = "Manufacturer_Name"; Value = "STMicroelectronics"; VariantName = "[No Variations]"
Add component (AddParameter): Name = "Manufacturer_Part_Number"; Value = "STM32G431CBT6"; VariantName = "[No Variations]"
Add component (AddParameter): Name = "Mouser Part Number"; Value = "511-STM32G431CBT6"; VariantName = "[No Variations]"
Add component (AddParameter): Name = "Mouser Price/Stock"; Value = "https://www.mouser.co.uk/ProductDetail/STMicroelectronics/STM32G431CBT6?qs=T3oQrply3y8OocyGDXq5wg%3D%3D"; VariantName = "[No Variations]"
Added Component: Designator=J1(009159010061911)
Added Component: Designator=J2(SHDRRA4W50P0X200_1X4_990X760X480P)
Add component (AddParameter): Name = "Arrow Part Number"; Value = "S4B-PH-K-S(LF)(SN)"; VariantName = "[No Variations]"
Add component (AddParameter): Name = "Arrow Price/Stock"; Value = "https://www.arrow.com/en/products/s4b-ph-k-s-lf-sn/jst-manufacturing?utm_currency=USD&region=europe"; VariantName = "[No Variations]"
Add component (AddParameter): Name = "Datasheet Link"; Value = "https://datasheet.lcsc.com/szlcsc/JST-Sales-America-PHsocket-1-4P-Curved-needle-pitch2mm_C157926.pdf"; VariantName = "[No Variations]"
Add component (AddParameter): Name = "Height"; Value = "4.8mm"; VariantName = "[No Variations]"
Add component (AddParameter): Name = "LCSC Part #"; Value = "C157926"; VariantName = "[No Variations]"
Add component (AddParameter): Name = "Manufacturer_Name"; Value = "JST (JAPAN SOLDERLESS TERMINALS)"; VariantName = "[No Variations]"
Add component (AddParameter): Name = "Manufacturer_Part_Number"; Value = "S4B-PH-K-S(LF)(SN)"; VariantName = "[No Variations]"
Add component (AddParameter): Name = "Mouser Part Number"; Value = "N/A"; VariantName = "[No Variations]"
Add component (AddParameter): Name = "Mouser Price/Stock"; Value = "https://www.mouser.co.uk/ProductDetail/JST-Commercial/S4B-PH-K-SLFSN?qs=QpmGXVUTftEGA16rwNx4xw%3D%3D"; VariantName = "[No Variations]"
Added Component: Designator=L1(L0603)
Added Component: Designator=Q1_U_Motor Phase1(POWERPAK-SO-8_L5.9-W4.9-P1.27-LS6.2-BL)
Add component (AddParameter): Name = "LCSC Part #"; Value = "C467943"; VariantName = "[No Variations]"
Added Component: Designator=Q1_U_Motor Phase2(POWERPAK-SO-8_L5.9-W4.9-P1.27-LS6.2-BL)
Add component (AddParameter): Name = "LCSC Part #"; Value = "C467943"; VariantName = "[No Variations]"
Added Component: Designator=Q1_U_Motor Phase3(POWERPAK-SO-8_L5.9-W4.9-P1.27-LS6.2-BL)
Add component (AddParameter): Name = "LCSC Part #"; Value = "C467943"; VariantName = "[No Variations]"
Added Component: Designator=Q2_U_Motor Phase1(POWERPAK-SO-8_L5.9-W4.9-P1.27-LS6.2-BL)
Add component (AddParameter): Name = "LCSC Part #"; Value = "C467943"; VariantName = "[No Variations]"
Added Component: Designator=Q2_U_Motor Phase2(POWERPAK-SO-8_L5.9-W4.9-P1.27-LS6.2-BL)
Add component (AddParameter): Name = "LCSC Part #"; Value = "C467943"; VariantName = "[No Variations]"
Added Component: Designator=Q2_U_Motor Phase3(POWERPAK-SO-8_L5.9-W4.9-P1.27-LS6.2-BL)
Add component (AddParameter): Name = "LCSC Part #"; Value = "C467943"; VariantName = "[No Variations]"
Added Component: Designator=R1(RESC1608X55N)
Add component (AddParameter): Name = "Arrow Part Number"; Value = ""; VariantName = "[No Variations]"
Add component (AddParameter): Name = "Arrow Price/Stock"; Value = ""; VariantName = "[No Variations]"
Add component (AddParameter): Name = "Datasheet Link"; Value = "https://www.mouser.com/catalog/specsheets/YAGEO_PYu_RC_Group_51_RoHS_L_12.pdf"; VariantName = "[No Variations]"
Add component (AddParameter): Name = "Height"; Value = "0.55mm"; VariantName = "[No Variations]"
Add component (AddParameter): Name = "LCSC Part #"; Value = "C99782"; VariantName = "[No Variations]"
Add component (AddParameter): Name = "Manufacturer_Name"; Value = "YAGEO"; VariantName = "[No Variations]"
Add component (AddParameter): Name = "Manufacturer_Part_Number"; Value = "RC0603FR-074K7L"; VariantName = "[No Variations]"
Add component (AddParameter): Name = "Mouser Part Number"; Value = ""; VariantName = "[No Variations]"
Add component (AddParameter): Name = "Mouser Price/Stock"; Value = ""; VariantName = "[No Variations]"
Added Component: Designator=R2(RESC1608X55N)
Add component (AddParameter): Name = "Arrow Part Number"; Value = ""; VariantName = "[No Variations]"
Add component (AddParameter): Name = "Arrow Price/Stock"; Value = ""; VariantName = "[No Variations]"
Add component (AddParameter): Name = "Datasheet Link"; Value = "https://www.mouser.com/catalog/specsheets/YAGEO_PYu_RC_Group_51_RoHS_L_12.pdf"; VariantName = "[No Variations]"
Add component (AddParameter): Name = "Height"; Value = "0.55mm"; VariantName = "[No Variations]"
Add component (AddParameter): Name = "LCSC Part #"; Value = "C22548"; VariantName = "[No Variations]"
Add component (AddParameter): Name = "Manufacturer_Name"; Value = "YAGEO"; VariantName = "[No Variations]"
Add component (AddParameter): Name = "Manufacturer_Part_Number"; Value = "RC0603FR-071KL"; VariantName = "[No Variations]"
Add component (AddParameter): Name = "Mouser Part Number"; Value = ""; VariantName = "[No Variations]"
Add component (AddParameter): Name = "Mouser Price/Stock"; Value = ""; VariantName = "[No Variations]"
Added Component: Designator=R3_U_Motor Phase1(RESC1608X55N)
Add component (AddParameter): Name = "Arrow Part Number"; Value = ""; VariantName = "[No Variations]"
Add component (AddParameter): Name = "Arrow Price/Stock"; Value = ""; VariantName = "[No Variations]"
Add component (AddParameter): Name = "Datasheet Link"; Value = "https://www.mouser.com/catalog/specsheets/YAGEO_PYu_RC_Group_51_RoHS_L_12.pdf"; VariantName = "[No Variations]"
Add component (AddParameter): Name = "Height"; Value = "0.55mm"; VariantName = "[No Variations]"
Add component (AddParameter): Name = "LCSC Part #"; Value = "C141677"; VariantName = "[No Variations]"
Add component (AddParameter): Name = "Manufacturer_Name"; Value = "YAGEO"; VariantName = "[No Variations]"
Add component (AddParameter): Name = "Manufacturer_Part_Number"; Value = "RC0603FR-07130RL"; VariantName = "[No Variations]"
Add component (AddParameter): Name = "Mouser Part Number"; Value = ""; VariantName = "[No Variations]"
Add component (AddParameter): Name = "Mouser Price/Stock"; Value = ""; VariantName = "[No Variations]"
Added Component: Designator=R3_U_Motor Phase2(RESC1608X55N)
Add component (AddParameter): Name = "Arrow Part Number"; Value = ""; VariantName = "[No Variations]"
Add component (AddParameter): Name = "Arrow Price/Stock"; Value = ""; VariantName = "[No Variations]"
Add component (AddParameter): Name = "Datasheet Link"; Value = "https://www.mouser.com/catalog/specsheets/YAGEO_PYu_RC_Group_51_RoHS_L_12.pdf"; VariantName = "[No Variations]"
Add component (AddParameter): Name = "Height"; Value = "0.55mm"; VariantName = "[No Variations]"
Add component (AddParameter): Name = "LCSC Part #"; Value = "C141677"; VariantName = "[No Variations]"
Add component (AddParameter): Name = "Manufacturer_Name"; Value = "YAGEO"; VariantName = "[No Variations]"
Add component (AddParameter): Name = "Manufacturer_Part_Number"; Value = "RC0603FR-07130RL"; VariantName = "[No Variations]"
Add component (AddParameter): Name = "Mouser Part Number"; Value = ""; VariantName = "[No Variations]"
Add component (AddParameter): Name = "Mouser Price/Stock"; Value = ""; VariantName = "[No Variations]"
Added Component: Designator=R3_U_Motor Phase3(RESC1608X55N)
Add component (AddParameter): Name = "Arrow Part Number"; Value = ""; VariantName = "[No Variations]"
Add component (AddParameter): Name = "Arrow Price/Stock"; Value = ""; VariantName = "[No Variations]"
Add component (AddParameter): Name = "Datasheet Link"; Value = "https://www.mouser.com/catalog/specsheets/YAGEO_PYu_RC_Group_51_RoHS_L_12.pdf"; VariantName = "[No Variations]"
Add component (AddParameter): Name = "Height"; Value = "0.55mm"; VariantName = "[No Variations]"
Add component (AddParameter): Name = "LCSC Part #"; Value = "C141677"; VariantName = "[No Variations]"
Add component (AddParameter): Name = "Manufacturer_Name"; Value = "YAGEO"; VariantName = "[No Variations]"
Add component (AddParameter): Name = "Manufacturer_Part_Number"; Value = "RC0603FR-07130RL"; VariantName = "[No Variations]"
Add component (AddParameter): Name = "Mouser Part Number"; Value = ""; VariantName = "[No Variations]"
Add component (AddParameter): Name = "Mouser Price/Stock"; Value = ""; VariantName = "[No Variations]"
Added Component: Designator=R4_U_Motor Phase1(RESC1608X55N)
Add component (AddParameter): Name = "Arrow Part Number"; Value = ""; VariantName = "[No Variations]"
Add component (AddParameter): Name = "Arrow Price/Stock"; Value = ""; VariantName = "[No Variations]"
Add component (AddParameter): Name = "Datasheet Link"; Value = "https://www.mouser.com/catalog/specsheets/YAGEO_PYu_RC_Group_51_RoHS_L_12.pdf"; VariantName = "[No Variations]"
Add component (AddParameter): Name = "Height"; Value = "0.55mm"; VariantName = "[No Variations]"
Add component (AddParameter): Name = "LCSC Part #"; Value = "C99782"; VariantName = "[No Variations]"
Add component (AddParameter): Name = "Manufacturer_Name"; Value = "YAGEO"; VariantName = "[No Variations]"
Add component (AddParameter): Name = "Manufacturer_Part_Number"; Value = "RC0603FR-074K7L"; VariantName = "[No Variations]"
Add component (AddParameter): Name = "Mouser Part Number"; Value = ""; VariantName = "[No Variations]"
Add component (AddParameter): Name = "Mouser Price/Stock"; Value = ""; VariantName = "[No Variations]"
Added Component: Designator=R4_U_Motor Phase2(RESC1608X55N)
Add component (AddParameter): Name = "Arrow Part Number"; Value = ""; VariantName = "[No Variations]"
Add component (AddParameter): Name = "Arrow Price/Stock"; Value = ""; VariantName = "[No Variations]"
Add component (AddParameter): Name = "Datasheet Link"; Value = "https://www.mouser.com/catalog/specsheets/YAGEO_PYu_RC_Group_51_RoHS_L_12.pdf"; VariantName = "[No Variations]"
Add component (AddParameter): Name = "Height"; Value = "0.55mm"; VariantName = "[No Variations]"
Add component (AddParameter): Name = "LCSC Part #"; Value = "C99782"; VariantName = "[No Variations]"
Add component (AddParameter): Name = "Manufacturer_Name"; Value = "YAGEO"; VariantName = "[No Variations]"
Add component (AddParameter): Name = "Manufacturer_Part_Number"; Value = "RC0603FR-074K7L"; VariantName = "[No Variations]"
Add component (AddParameter): Name = "Mouser Part Number"; Value = ""; VariantName = "[No Variations]"
Add component (AddParameter): Name = "Mouser Price/Stock"; Value = ""; VariantName = "[No Variations]"
Added Component: Designator=R4_U_Motor Phase3(RESC1608X55N)
Add component (AddParameter): Name = "Arrow Part Number"; Value = ""; VariantName = "[No Variations]"
Add component (AddParameter): Name = "Arrow Price/Stock"; Value = ""; VariantName = "[No Variations]"
Add component (AddParameter): Name = "Datasheet Link"; Value = "https://www.mouser.com/catalog/specsheets/YAGEO_PYu_RC_Group_51_RoHS_L_12.pdf"; VariantName = "[No Variations]"
Add component (AddParameter): Name = "Height"; Value = "0.55mm"; VariantName = "[No Variations]"
Add component (AddParameter): Name = "LCSC Part #"; Value = "C99782"; VariantName = "[No Variations]"
Add component (AddParameter): Name = "Manufacturer_Name"; Value = "YAGEO"; VariantName = "[No Variations]"
Add component (AddParameter): Name = "Manufacturer_Part_Number"; Value = "RC0603FR-074K7L"; VariantName = "[No Variations]"
Add component (AddParameter): Name = "Mouser Part Number"; Value = ""; VariantName = "[No Variations]"
Add component (AddParameter): Name = "Mouser Price/Stock"; Value = ""; VariantName = "[No Variations]"
Added Component: Designator=R5_U_Motor Phase1(RESC1608X55N)
Add component (AddParameter): Name = "Arrow Part Number"; Value = ""; VariantName = "[No Variations]"
Add component (AddParameter): Name = "Arrow Price/Stock"; Value = ""; VariantName = "[No Variations]"
Add component (AddParameter): Name = "Datasheet Link"; Value = "https://www.mouser.com/catalog/specsheets/YAGEO_PYu_RC_Group_51_RoHS_L_12.pdf"; VariantName = "[No Variations]"
Add component (AddParameter): Name = "Height"; Value = "0.55mm"; VariantName = "[No Variations]"
Add component (AddParameter): Name = "LCSC Part #"; Value = "C141677"; VariantName = "[No Variations]"
Add component (AddParameter): Name = "Manufacturer_Name"; Value = "YAGEO"; VariantName = "[No Variations]"
Add component (AddParameter): Name = "Manufacturer_Part_Number"; Value = "RC0603FR-07130RL"; VariantName = "[No Variations]"
Add component (AddParameter): Name = "Mouser Part Number"; Value = ""; VariantName = "[No Variations]"
Add component (AddParameter): Name = "Mouser Price/Stock"; Value = ""; VariantName = "[No Variations]"
Added Component: Designator=R5_U_Motor Phase2(RESC1608X55N)
Add component (AddParameter): Name = "Arrow Part Number"; Value = ""; VariantName = "[No Variations]"
Add component (AddParameter): Name = "Arrow Price/Stock"; Value = ""; VariantName = "[No Variations]"
Add component (AddParameter): Name = "Datasheet Link"; Value = "https://www.mouser.com/catalog/specsheets/YAGEO_PYu_RC_Group_51_RoHS_L_12.pdf"; VariantName = "[No Variations]"
Add component (AddParameter): Name = "Height"; Value = "0.55mm"; VariantName = "[No Variations]"
Add component (AddParameter): Name = "LCSC Part #"; Value = "C141677"; VariantName = "[No Variations]"
Add component (AddParameter): Name = "Manufacturer_Name"; Value = "YAGEO"; VariantName = "[No Variations]"
Add component (AddParameter): Name = "Manufacturer_Part_Number"; Value = "RC0603FR-07130RL"; VariantName = "[No Variations]"
Add component (AddParameter): Name = "Mouser Part Number"; Value = ""; VariantName = "[No Variations]"
Add component (AddParameter): Name = "Mouser Price/Stock"; Value = ""; VariantName = "[No Variations]"
Added Component: Designator=R5_U_Motor Phase3(RESC1608X55N)
Add component (AddParameter): Name = "Arrow Part Number"; Value = ""; VariantName = "[No Variations]"
Add component (AddParameter): Name = "Arrow Price/Stock"; Value = ""; VariantName = "[No Variations]"
Add component (AddParameter): Name = "Datasheet Link"; Value = "https://www.mouser.com/catalog/specsheets/YAGEO_PYu_RC_Group_51_RoHS_L_12.pdf"; VariantName = "[No Variations]"
Add component (AddParameter): Name = "Height"; Value = "0.55mm"; VariantName = "[No Variations]"
Add component (AddParameter): Name = "LCSC Part #"; Value = "C141677"; VariantName = "[No Variations]"
Add component (AddParameter): Name = "Manufacturer_Name"; Value = "YAGEO"; VariantName = "[No Variations]"
Add component (AddParameter): Name = "Manufacturer_Part_Number"; Value = "RC0603FR-07130RL"; VariantName = "[No Variations]"
Add component (AddParameter): Name = "Mouser Part Number"; Value = ""; VariantName = "[No Variations]"
Add component (AddParameter): Name = "Mouser Price/Stock"; Value = ""; VariantName = "[No Variations]"
Added Component: Designator=R6_U_Motor Phase1(RESC1608X55N)
Add component (AddParameter): Name = "Arrow Part Number"; Value = ""; VariantName = "[No Variations]"
Add component (AddParameter): Name = "Arrow Price/Stock"; Value = ""; VariantName = "[No Variations]"
Add component (AddParameter): Name = "Datasheet Link"; Value = "https://www.mouser.com/catalog/specsheets/YAGEO_PYu_RC_Group_51_RoHS_L_12.pdf"; VariantName = "[No Variations]"
Add component (AddParameter): Name = "Height"; Value = "0.55mm"; VariantName = "[No Variations]"
Add component (AddParameter): Name = "LCSC Part #"; Value = "C22548"; VariantName = "[No Variations]"
Add component (AddParameter): Name = "Manufacturer_Name"; Value = "YAGEO"; VariantName = "[No Variations]"
Add component (AddParameter): Name = "Manufacturer_Part_Number"; Value = "RC0603FR-071KL"; VariantName = "[No Variations]"
Add component (AddParameter): Name = "Mouser Part Number"; Value = ""; VariantName = "[No Variations]"
Add component (AddParameter): Name = "Mouser Price/Stock"; Value = ""; VariantName = "[No Variations]"
Added Component: Designator=R6_U_Motor Phase2(RESC1608X55N)
Add component (AddParameter): Name = "Arrow Part Number"; Value = ""; VariantName = "[No Variations]"
Add component (AddParameter): Name = "Arrow Price/Stock"; Value = ""; VariantName = "[No Variations]"
Add component (AddParameter): Name = "Datasheet Link"; Value = "https://www.mouser.com/catalog/specsheets/YAGEO_PYu_RC_Group_51_RoHS_L_12.pdf"; VariantName = "[No Variations]"
Add component (AddParameter): Name = "Height"; Value = "0.55mm"; VariantName = "[No Variations]"
Add component (AddParameter): Name = "LCSC Part #"; Value = "C22548"; VariantName = "[No Variations]"
Add component (AddParameter): Name = "Manufacturer_Name"; Value = "YAGEO"; VariantName = "[No Variations]"
Add component (AddParameter): Name = "Manufacturer_Part_Number"; Value = "RC0603FR-071KL"; VariantName = "[No Variations]"
Add component (AddParameter): Name = "Mouser Part Number"; Value = ""; VariantName = "[No Variations]"
Add component (AddParameter): Name = "Mouser Price/Stock"; Value = ""; VariantName = "[No Variations]"
Added Component: Designator=R6_U_Motor Phase3(RESC1608X55N)
Add component (AddParameter): Name = "Arrow Part Number"; Value = ""; VariantName = "[No Variations]"
Add component (AddParameter): Name = "Arrow Price/Stock"; Value = ""; VariantName = "[No Variations]"
Add component (AddParameter): Name = "Datasheet Link"; Value = "https://www.mouser.com/catalog/specsheets/YAGEO_PYu_RC_Group_51_RoHS_L_12.pdf"; VariantName = "[No Variations]"
Add component (AddParameter): Name = "Height"; Value = "0.55mm"; VariantName = "[No Variations]"
Add component (AddParameter): Name = "LCSC Part #"; Value = "C22548"; VariantName = "[No Variations]"
Add component (AddParameter): Name = "Manufacturer_Name"; Value = "YAGEO"; VariantName = "[No Variations]"
Add component (AddParameter): Name = "Manufacturer_Part_Number"; Value = "RC0603FR-071KL"; VariantName = "[No Variations]"
Add component (AddParameter): Name = "Mouser Part Number"; Value = ""; VariantName = "[No Variations]"
Add component (AddParameter): Name = "Mouser Price/Stock"; Value = ""; VariantName = "[No Variations]"
Added Component: Designator=R7_U_Motor Phase1(R1210)
Add component (AddParameter): Name = "LCSC Part #"; Value = "C509735"; VariantName = "[No Variations]"
Added Component: Designator=R7_U_Motor Phase2(R1210)
Add component (AddParameter): Name = "LCSC Part #"; Value = "C509735"; VariantName = "[No Variations]"
Added Component: Designator=R7_U_Motor Phase3(R1210)
Add component (AddParameter): Name = "LCSC Part #"; Value = "C509735"; VariantName = "[No Variations]"
Added Component: Designator=R8(RESC1608X55N)
Add component (AddParameter): Name = "Arrow Part Number"; Value = ""; VariantName = "[No Variations]"
Add component (AddParameter): Name = "Arrow Price/Stock"; Value = ""; VariantName = "[No Variations]"
Add component (AddParameter): Name = "Datasheet Link"; Value = "https://www.mouser.com/catalog/specsheets/YAGEO_PYu_RC_Group_51_RoHS_L_12.pdf"; VariantName = "[No Variations]"
Add component (AddParameter): Name = "Height"; Value = "0.55mm"; VariantName = "[No Variations]"
Add component (AddParameter): Name = "LCSC Part #"; Value = "C95177"; VariantName = "[No Variations]"
Add component (AddParameter): Name = "Manufacturer_Name"; Value = "YAGEO"; VariantName = "[No Variations]"
Add component (AddParameter): Name = "Manufacturer_Part_Number"; Value = "RC0603JR-070RL"; VariantName = "[No Variations]"
Add component (AddParameter): Name = "Mouser Part Number"; Value = ""; VariantName = "[No Variations]"
Add component (AddParameter): Name = "Mouser Price/Stock"; Value = ""; VariantName = "[No Variations]"
Added Component: Designator=R9(RESC1608X55N)
Add component (AddParameter): Name = "Arrow Part Number"; Value = ""; VariantName = "[No Variations]"
Add component (AddParameter): Name = "Arrow Price/Stock"; Value = ""; VariantName = "[No Variations]"
Add component (AddParameter): Name = "Datasheet Link"; Value = "https://www.mouser.com/catalog/specsheets/YAGEO_PYu_RC_Group_51_RoHS_L_12.pdf"; VariantName = "[No Variations]"
Add component (AddParameter): Name = "Height"; Value = "0.55mm"; VariantName = "[No Variations]"
Add component (AddParameter): Name = "LCSC Part #"; Value = "C99782"; VariantName = "[No Variations]"
Add component (AddParameter): Name = "Manufacturer_Name"; Value = "YAGEO"; VariantName = "[No Variations]"
Add component (AddParameter): Name = "Manufacturer_Part_Number"; Value = "RC0603FR-074K7L"; VariantName = "[No Variations]"
Add component (AddParameter): Name = "Mouser Part Number"; Value = ""; VariantName = "[No Variations]"
Add component (AddParameter): Name = "Mouser Price/Stock"; Value = ""; VariantName = "[No Variations]"
Added Component: Designator=R10(RESC1608X55N)
Add component (AddParameter): Name = "Arrow Part Number"; Value = ""; VariantName = "[No Variations]"
Add component (AddParameter): Name = "Arrow Price/Stock"; Value = ""; VariantName = "[No Variations]"
Add component (AddParameter): Name = "Datasheet Link"; Value = "https://www.mouser.com/catalog/specsheets/YAGEO_PYu_RC_Group_51_RoHS_L_12.pdf"; VariantName = "[No Variations]"
Add component (AddParameter): Name = "Height"; Value = "0.55mm"; VariantName = "[No Variations]"
Add component (AddParameter): Name = "LCSC Part #"; Value = "C14675"; VariantName = "[No Variations]"
Add component (AddParameter): Name = "Manufacturer_Name"; Value = "YAGEO"; VariantName = "[No Variations]"
Add component (AddParameter): Name = "Manufacturer_Part_Number"; Value = "RC0603FR-07100KL"; VariantName = "[No Variations]"
Add component (AddParameter): Name = "Mouser Part Number"; Value = ""; VariantName = "[No Variations]"
Add component (AddParameter): Name = "Mouser Price/Stock"; Value = ""; VariantName = "[No Variations]"
Added Component: Designator=R11(RESC1608X55N)
Add component (AddParameter): Name = "Arrow Part Number"; Value = ""; VariantName = "[No Variations]"
Add component (AddParameter): Name = "Arrow Price/Stock"; Value = ""; VariantName = "[No Variations]"
Add component (AddParameter): Name = "Datasheet Link"; Value = "https://www.mouser.com/catalog/specsheets/YAGEO_PYu_RC_Group_51_RoHS_L_12.pdf"; VariantName = "[No Variations]"
Add component (AddParameter): Name = "Height"; Value = "0.55mm"; VariantName = "[No Variations]"
Add component (AddParameter): Name = "LCSC Part #"; Value = "C22548"; VariantName = "[No Variations]"
Add component (AddParameter): Name = "Manufacturer_Name"; Value = "YAGEO"; VariantName = "[No Variations]"
Add component (AddParameter): Name = "Manufacturer_Part_Number"; Value = "RC0603FR-071KL"; VariantName = "[No Variations]"
Add component (AddParameter): Name = "Mouser Part Number"; Value = ""; VariantName = "[No Variations]"
Add component (AddParameter): Name = "Mouser Price/Stock"; Value = ""; VariantName = "[No Variations]"
Added Component: Designator=R12(RESC1608X55N)
Add component (AddParameter): Name = "Arrow Part Number"; Value = ""; VariantName = "[No Variations]"
Add component (AddParameter): Name = "Arrow Price/Stock"; Value = ""; VariantName = "[No Variations]"
Add component (AddParameter): Name = "Datasheet Link"; Value = "https://www.mouser.com/catalog/specsheets/YAGEO_PYu_RC_Group_51_RoHS_L_12.pdf"; VariantName = "[No Variations]"
Add component (AddParameter): Name = "Height"; Value = "0.55mm"; VariantName = "[No Variations]"
Add component (AddParameter): Name = "LCSC Part #"; Value = "C95177"; VariantName = "[No Variations]"
Add component (AddParameter): Name = "Manufacturer_Name"; Value = "YAGEO"; VariantName = "[No Variations]"
Add component (AddParameter): Name = "Manufacturer_Part_Number"; Value = "RC0603JR-070RL"; VariantName = "[No Variations]"
Add component (AddParameter): Name = "Mouser Part Number"; Value = ""; VariantName = "[No Variations]"
Add component (AddParameter): Name = "Mouser Price/Stock"; Value = ""; VariantName = "[No Variations]"
Added Component: Designator=R13(RESC1608X55N)
Add component (AddParameter): Name = "Arrow Part Number"; Value = ""; VariantName = "[No Variations]"
Add component (AddParameter): Name = "Arrow Price/Stock"; Value = ""; VariantName = "[No Variations]"
Add component (AddParameter): Name = "Datasheet Link"; Value = "https://www.mouser.com/catalog/specsheets/YAGEO_PYu_RC_Group_51_RoHS_L_12.pdf"; VariantName = "[No Variations]"
Add component (AddParameter): Name = "Height"; Value = "0.55mm"; VariantName = "[No Variations]"
Add component (AddParameter): Name = "LCSC Part #"; Value = "C14675"; VariantName = "[No Variations]"
Add component (AddParameter): Name = "Manufacturer_Name"; Value = "YAGEO"; VariantName = "[No Variations]"
Add component (AddParameter): Name = "Manufacturer_Part_Number"; Value = "RC0603FR-07100KL"; VariantName = "[No Variations]"
Add component (AddParameter): Name = "Mouser Part Number"; Value = ""; VariantName = "[No Variations]"
Add component (AddParameter): Name = "Mouser Price/Stock"; Value = ""; VariantName = "[No Variations]"
Added Component: Designator=R14(RESC1608X55N)
Add component (AddParameter): Name = "Arrow Part Number"; Value = ""; VariantName = "[No Variations]"
Add component (AddParameter): Name = "Arrow Price/Stock"; Value = ""; VariantName = "[No Variations]"
Add component (AddParameter): Name = "Datasheet Link"; Value = "https://www.mouser.com/catalog/specsheets/YAGEO_PYu_RC_Group_51_RoHS_L_12.pdf"; VariantName = "[No Variations]"
Add component (AddParameter): Name = "Height"; Value = "0.55mm"; VariantName = "[No Variations]"
Add component (AddParameter): Name = "LCSC Part #"; Value = "C22548"; VariantName = "[No Variations]"
Add component (AddParameter): Name = "Manufacturer_Name"; Value = "YAGEO"; VariantName = "[No Variations]"
Add component (AddParameter): Name = "Manufacturer_Part_Number"; Value = "RC0603FR-071KL"; VariantName = "[No Variations]"
Add component (AddParameter): Name = "Mouser Part Number"; Value = ""; VariantName = "[No Variations]"
Add component (AddParameter): Name = "Mouser Price/Stock"; Value = ""; VariantName = "[No Variations]"
Added Component: Designator=R15(RESC1608X55N)
Add component (AddParameter): Name = "Arrow Part Number"; Value = ""; VariantName = "[No Variations]"
Add component (AddParameter): Name = "Arrow Price/Stock"; Value = ""; VariantName = "[No Variations]"
Add component (AddParameter): Name = "Datasheet Link"; Value = "https://www.mouser.com/catalog/specsheets/YAGEO_PYu_RC_Group_51_RoHS_L_12.pdf"; VariantName = "[No Variations]"
Add component (AddParameter): Name = "Height"; Value = "0.55mm"; VariantName = "[No Variations]"
Add component (AddParameter): Name = "LCSC Part #"; Value = "C95177"; VariantName = "[No Variations]"
Add component (AddParameter): Name = "Manufacturer_Name"; Value = "YAGEO"; VariantName = "[No Variations]"
Add component (AddParameter): Name = "Manufacturer_Part_Number"; Value = "RC0603JR-070RL"; VariantName = "[No Variations]"
Add component (AddParameter): Name = "Mouser Part Number"; Value = ""; VariantName = "[No Variations]"
Add component (AddParameter): Name = "Mouser Price/Stock"; Value = ""; VariantName = "[No Variations]"
Added Component: Designator=R16(RESC1608X55N)
Add component (AddParameter): Name = "Arrow Part Number"; Value = ""; VariantName = "[No Variations]"
Add component (AddParameter): Name = "Arrow Price/Stock"; Value = ""; VariantName = "[No Variations]"
Add component (AddParameter): Name = "Datasheet Link"; Value = "https://www.mouser.com/catalog/specsheets/YAGEO_PYu_RC_Group_51_RoHS_L_12.pdf"; VariantName = "[No Variations]"
Add component (AddParameter): Name = "Height"; Value = "0.55mm"; VariantName = "[No Variations]"
Add component (AddParameter): Name = "LCSC Part #"; Value = "C14675"; VariantName = "[No Variations]"
Add component (AddParameter): Name = "Manufacturer_Name"; Value = "YAGEO"; VariantName = "[No Variations]"
Add component (AddParameter): Name = "Manufacturer_Part_Number"; Value = "RC0603FR-07100KL"; VariantName = "[No Variations]"
Add component (AddParameter): Name = "Mouser Part Number"; Value = ""; VariantName = "[No Variations]"
Add component (AddParameter): Name = "Mouser Price/Stock"; Value = ""; VariantName = "[No Variations]"
Added Component: Designator=R17(RESC1608X55N)
Add component (AddParameter): Name = "Arrow Part Number"; Value = ""; VariantName = "[No Variations]"
Add component (AddParameter): Name = "Arrow Price/Stock"; Value = ""; VariantName = "[No Variations]"
Add component (AddParameter): Name = "Datasheet Link"; Value = "https://www.mouser.com/catalog/specsheets/YAGEO_PYu_RC_Group_51_RoHS_L_12.pdf"; VariantName = "[No Variations]"
Add component (AddParameter): Name = "Height"; Value = "0.55mm"; VariantName = "[No Variations]"
Add component (AddParameter): Name = "LCSC Part #"; Value = "C22548"; VariantName = "[No Variations]"
Add component (AddParameter): Name = "Manufacturer_Name"; Value = "YAGEO"; VariantName = "[No Variations]"
Add component (AddParameter): Name = "Manufacturer_Part_Number"; Value = "RC0603FR-071KL"; VariantName = "[No Variations]"
Add component (AddParameter): Name = "Mouser Part Number"; Value = ""; VariantName = "[No Variations]"
Add component (AddParameter): Name = "Mouser Price/Stock"; Value = ""; VariantName = "[No Variations]"
Added Component: Designator=R18(RESC1608X55N)
Add component (AddParameter): Name = "Arrow Part Number"; Value = ""; VariantName = "[No Variations]"
Add component (AddParameter): Name = "Arrow Price/Stock"; Value = ""; VariantName = "[No Variations]"
Add component (AddParameter): Name = "Datasheet Link"; Value = "https://www.mouser.com/catalog/specsheets/YAGEO_PYu_RC_Group_51_RoHS_L_12.pdf"; VariantName = "[No Variations]"
Add component (AddParameter): Name = "Height"; Value = "0.55mm"; VariantName = "[No Variations]"
Add component (AddParameter): Name = "LCSC Part #"; Value = "C95177"; VariantName = "[No Variations]"
Add component (AddParameter): Name = "Manufacturer_Name"; Value = "YAGEO"; VariantName = "[No Variations]"
Add component (AddParameter): Name = "Manufacturer_Part_Number"; Value = "RC0603JR-070RL"; VariantName = "[No Variations]"
Add component (AddParameter): Name = "Mouser Part Number"; Value = ""; VariantName = "[No Variations]"
Add component (AddParameter): Name = "Mouser Price/Stock"; Value = ""; VariantName = "[No Variations]"
Added Pin To Net: NetName=GND Pin=C1-1
Added Pin To Net: NetName=VBATT Pin=C1-2
Add Pin To Net: Unknown Pin: Pin C2-N
Add Pin To Net: Unknown Pin: Pin C2-P
Add Pin To Net: Unknown Pin: Pin C3-N
Add Pin To Net: Unknown Pin: Pin C3-P
Added Pin To Net: NetName=GND Pin=C4-1
Added Pin To Net: NetName=GND Pin=C5-1
Added Pin To Net: NetName=GND Pin=C7_U_Motor Phase1-1
Added Pin To Net: NetName=GND Pin=C7_U_Motor Phase2-1
Added Pin To Net: NetName=GND Pin=C7_U_Motor Phase3-1
Added Pin To Net: NetName=GND Pin=C10-1
Added Pin To Net: NetName=GND Pin=C11-1
Added Pin To Net: NetName=GND Pin=C12-1
Added Pin To Net: NetName=GND Pin=C13-1
Added Pin To Net: NetName=GND Pin=C14-1
Added Pin To Net: NetName=GND Pin=C17-1
Added Pin To Net: NetName=VBATT Pin=IC1-7
Added Pin To Net: NetName=GND Pin=IC1-8
Added Pin To Net: NetName=NetIC1_9 Pin=IC1-9
Added Pin To Net: NetName=NetIC1_10 Pin=IC1-10
Added Pin To Net: NetName=NetIC1_11 Pin=IC1-11
Added Pin To Net: NetName=NetIC1_13 Pin=IC1-13
Added Pin To Net: NetName=NetIC1_16 Pin=IC1-16
Added Pin To Net: NetName=NetIC1_19 Pin=IC1-19
Added Pin To Net: NetName=GND Pin=IC2-3
Added Pin To Net: NetName=GND Pin=IC3-23
Added Pin To Net: NetName=GND Pin=IC3-35
Added Pin To Net: NetName=GND Pin=IC3-47
Added Pin To Net: NetName=GND Pin=J1-1
Added Pin To Net: NetName=GND Pin=J2-4
Added Pin To Net: NetName=NetQ1_U_Motor Phase1_4 Pin=Q1_U_Motor Phase1-4
Added Pin To Net: NetName=VBATT Pin=Q1_U_Motor Phase1-5
Added Pin To Net: NetName=VBATT Pin=Q1_U_Motor Phase1-6
Added Pin To Net: NetName=VBATT Pin=Q1_U_Motor Phase1-7
Added Pin To Net: NetName=VBATT Pin=Q1_U_Motor Phase1-8
Added Pin To Net: NetName=VBATT Pin=Q1_U_Motor Phase1-8
Added Pin To Net: NetName=NetQ1_U_Motor Phase2_4 Pin=Q1_U_Motor Phase2-4
Added Pin To Net: NetName=VBATT Pin=Q1_U_Motor Phase2-5
Added Pin To Net: NetName=VBATT Pin=Q1_U_Motor Phase2-6
Added Pin To Net: NetName=VBATT Pin=Q1_U_Motor Phase2-7
Added Pin To Net: NetName=VBATT Pin=Q1_U_Motor Phase2-8
Added Pin To Net: NetName=VBATT Pin=Q1_U_Motor Phase2-8
Added Pin To Net: NetName=NetQ1_U_Motor Phase3_4 Pin=Q1_U_Motor Phase3-4
Added Pin To Net: NetName=VBATT Pin=Q1_U_Motor Phase3-5
Added Pin To Net: NetName=VBATT Pin=Q1_U_Motor Phase3-6
Added Pin To Net: NetName=VBATT Pin=Q1_U_Motor Phase3-7
Added Pin To Net: NetName=VBATT Pin=Q1_U_Motor Phase3-8
Added Pin To Net: NetName=VBATT Pin=Q1_U_Motor Phase3-8
Added Pin To Net: NetName=NetQ2_U_Motor Phase1_4 Pin=Q2_U_Motor Phase1-4
Added Pin To Net: NetName=NetQ2_U_Motor Phase2_4 Pin=Q2_U_Motor Phase2-4
Added Pin To Net: NetName=NetQ2_U_Motor Phase3_4 Pin=Q2_U_Motor Phase3-4
Added Pin To Net: NetName=VBATT Pin=R1-2
Added Pin To Net: NetName=GND Pin=R2-1
Added Pin To Net: NetName=NetIC1_13 Pin=R3_U_Motor Phase1-1
Added Pin To Net: NetName=NetQ1_U_Motor Phase1_4 Pin=R3_U_Motor Phase1-2
Added Pin To Net: NetName=NetIC1_16 Pin=R3_U_Motor Phase2-1
Added Pin To Net: NetName=NetQ1_U_Motor Phase2_4 Pin=R3_U_Motor Phase2-2
Added Pin To Net: NetName=NetIC1_19 Pin=R3_U_Motor Phase3-1
Added Pin To Net: NetName=NetQ1_U_Motor Phase3_4 Pin=R3_U_Motor Phase3-2
Added Pin To Net: NetName=NetIC1_9 Pin=R5_U_Motor Phase1-1
Added Pin To Net: NetName=NetQ2_U_Motor Phase1_4 Pin=R5_U_Motor Phase1-2
Added Pin To Net: NetName=NetIC1_10 Pin=R5_U_Motor Phase2-1
Added Pin To Net: NetName=NetQ2_U_Motor Phase2_4 Pin=R5_U_Motor Phase2-2
Added Pin To Net: NetName=NetIC1_11 Pin=R5_U_Motor Phase3-1
Added Pin To Net: NetName=NetQ2_U_Motor Phase3_4 Pin=R5_U_Motor Phase3-2
Added Pin To Net: NetName=GND Pin=R6_U_Motor Phase1-1
Added Pin To Net: NetName=GND Pin=R6_U_Motor Phase2-1
Added Pin To Net: NetName=GND Pin=R6_U_Motor Phase3-1
Added Pin To Net: NetName=GND Pin=R7_U_Motor Phase1-1
Added Pin To Net: NetName=GND Pin=R7_U_Motor Phase2-1
Added Pin To Net: NetName=GND Pin=R7_U_Motor Phase3-1
Added Pin To Net: NetName=GND Pin=R9-1
Added Pin To Net: NetName=GND Pin=R11-1
Added Pin To Net: NetName=GND Pin=R14-1
Added Pin To Net: NetName=GND Pin=R17-1
Added Pin To Net: NetName=GND Pin=R18-2
Added Pin To Net: NetName=ADC1_IN1 Pin=C7_U_Motor Phase3-2
Added Pin To Net: NetName=ADC1_IN1 Pin=IC3-8
Added Pin To Net: NetName=ADC1_IN1 Pin=R4_U_Motor Phase3-1
Added Pin To Net: NetName=ADC1_IN1 Pin=R6_U_Motor Phase3-2
Added Net: Name=ADC1_IN1
Added Pin To Net: NetName=ADC1_IN2 Pin=C7_U_Motor Phase2-2
Added Pin To Net: NetName=ADC1_IN2 Pin=IC3-9
Added Pin To Net: NetName=ADC1_IN2 Pin=R4_U_Motor Phase2-1
Added Pin To Net: NetName=ADC1_IN2 Pin=R6_U_Motor Phase2-2
Added Net: Name=ADC1_IN2
Added Pin To Net: NetName=ADC1_IN5 Pin=C7_U_Motor Phase1-2
Added Pin To Net: NetName=ADC1_IN5 Pin=IC3-28
Added Pin To Net: NetName=ADC1_IN5 Pin=R4_U_Motor Phase1-1
Added Pin To Net: NetName=ADC1_IN5 Pin=R6_U_Motor Phase1-2
Added Net: Name=ADC1_IN5
Added Pin To Net: NetName=ADC1_IN10 Pin=C4-2
Added Pin To Net: NetName=ADC1_IN10 Pin=IC3-5
Added Pin To Net: NetName=ADC1_IN10 Pin=R1-1
Added Pin To Net: NetName=ADC1_IN10 Pin=R2-2
Added Net: Name=ADC1_IN10
Added Pin To Net: NetName=ADC1_IN11 Pin=IC2-2
Added Pin To Net: NetName=ADC1_IN11 Pin=IC3-26
Added Net: Name=ADC1_IN11
Added Pin To Net: NetName=ADC2_IN10 Pin=IC3-6
Added Pin To Net: NetName=ADC2_IN10 Pin=R8-2
Added Net: Name=ADC2_IN10
Added Pin To Net: NetName=ADC2_IN15 Pin=IC3-29
Added Pin To Net: NetName=ADC2_IN15 Pin=R12-2
Added Net: Name=ADC2_IN15
Added Pin To Net: NetName=ADC2_IN17 Pin=IC3-12
Added Pin To Net: NetName=ADC2_IN17 Pin=R15-2
Added Net: Name=ADC2_IN17
Added Pin To Net: NetName=AGND Pin=C15-1
Added Pin To Net: NetName=AGND Pin=C16-1
Added Pin To Net: NetName=AGND Pin=IC3-19
Added Pin To Net: NetName=AGND Pin=R18-1
Added Net: Name=AGND
Added Pin To Net: NetName=NetC6_U_Motor Phase1_1 Pin=C6_U_Motor Phase1-1
Added Pin To Net: NetName=NetC6_U_Motor Phase1_1 Pin=IC1-12
Added Pin To Net: NetName=NetC6_U_Motor Phase1_1 Pin=Q1_U_Motor Phase1-1
Added Pin To Net: NetName=NetC6_U_Motor Phase1_1 Pin=Q1_U_Motor Phase1-2
Added Pin To Net: NetName=NetC6_U_Motor Phase1_1 Pin=Q1_U_Motor Phase1-3
Added Pin To Net: NetName=NetC6_U_Motor Phase1_1 Pin=Q2_U_Motor Phase1-5
Added Pin To Net: NetName=NetC6_U_Motor Phase1_1 Pin=Q2_U_Motor Phase1-6
Added Pin To Net: NetName=NetC6_U_Motor Phase1_1 Pin=Q2_U_Motor Phase1-7
Added Pin To Net: NetName=NetC6_U_Motor Phase1_1 Pin=Q2_U_Motor Phase1-8
Added Pin To Net: NetName=NetC6_U_Motor Phase1_1 Pin=Q2_U_Motor Phase1-8
Added Pin To Net: NetName=NetC6_U_Motor Phase1_1 Pin=R4_U_Motor Phase1-2
Added Net: Name=NetC6_U_Motor Phase1_1
Added Pin To Net: NetName=NetC6_U_Motor Phase1_2 Pin=C6_U_Motor Phase1-2
Added Pin To Net: NetName=NetC6_U_Motor Phase1_2 Pin=IC1-14
Added Net: Name=NetC6_U_Motor Phase1_2
Added Pin To Net: NetName=NetC6_U_Motor Phase2_1 Pin=C6_U_Motor Phase2-1
Added Pin To Net: NetName=NetC6_U_Motor Phase2_1 Pin=IC1-15
Added Pin To Net: NetName=NetC6_U_Motor Phase2_1 Pin=Q1_U_Motor Phase2-1
Added Pin To Net: NetName=NetC6_U_Motor Phase2_1 Pin=Q1_U_Motor Phase2-2
Added Pin To Net: NetName=NetC6_U_Motor Phase2_1 Pin=Q1_U_Motor Phase2-3
Added Pin To Net: NetName=NetC6_U_Motor Phase2_1 Pin=Q2_U_Motor Phase2-5
Added Pin To Net: NetName=NetC6_U_Motor Phase2_1 Pin=Q2_U_Motor Phase2-6
Added Pin To Net: NetName=NetC6_U_Motor Phase2_1 Pin=Q2_U_Motor Phase2-7
Added Pin To Net: NetName=NetC6_U_Motor Phase2_1 Pin=Q2_U_Motor Phase2-8
Added Pin To Net: NetName=NetC6_U_Motor Phase2_1 Pin=Q2_U_Motor Phase2-8
Added Pin To Net: NetName=NetC6_U_Motor Phase2_1 Pin=R4_U_Motor Phase2-2
Added Net: Name=NetC6_U_Motor Phase2_1
Added Pin To Net: NetName=NetC6_U_Motor Phase2_2 Pin=C6_U_Motor Phase2-2
Added Pin To Net: NetName=NetC6_U_Motor Phase2_2 Pin=IC1-17
Added Net: Name=NetC6_U_Motor Phase2_2
Added Pin To Net: NetName=NetC6_U_Motor Phase3_1 Pin=C6_U_Motor Phase3-1
Added Pin To Net: NetName=NetC6_U_Motor Phase3_1 Pin=IC1-18
Added Pin To Net: NetName=NetC6_U_Motor Phase3_1 Pin=Q1_U_Motor Phase3-1
Added Pin To Net: NetName=NetC6_U_Motor Phase3_1 Pin=Q1_U_Motor Phase3-2
Added Pin To Net: NetName=NetC6_U_Motor Phase3_1 Pin=Q1_U_Motor Phase3-3
Added Pin To Net: NetName=NetC6_U_Motor Phase3_1 Pin=Q2_U_Motor Phase3-5
Added Pin To Net: NetName=NetC6_U_Motor Phase3_1 Pin=Q2_U_Motor Phase3-6
Added Pin To Net: NetName=NetC6_U_Motor Phase3_1 Pin=Q2_U_Motor Phase3-7
Added Pin To Net: NetName=NetC6_U_Motor Phase3_1 Pin=Q2_U_Motor Phase3-8
Added Pin To Net: NetName=NetC6_U_Motor Phase3_1 Pin=Q2_U_Motor Phase3-8
Added Pin To Net: NetName=NetC6_U_Motor Phase3_1 Pin=R4_U_Motor Phase3-2
Added Net: Name=NetC6_U_Motor Phase3_1
Added Pin To Net: NetName=NetC6_U_Motor Phase3_2 Pin=C6_U_Motor Phase3-2
Added Pin To Net: NetName=NetC6_U_Motor Phase3_2 Pin=IC1-20
Added Net: Name=NetC6_U_Motor Phase3_2
Added Pin To Net: NetName=NetIC3_45 Pin=IC3-45
Added Pin To Net: NetName=NetIC3_45 Pin=R9-2
Added Net: Name=NetIC3_45
Added Pin To Net: NetName=NRST Pin=IC3-7
Added Pin To Net: NetName=NRST Pin=J1-4
Added Net: Name=NRST
Added Pin To Net: NetName=OPAMP1_VINM Pin=C8-1
Added Pin To Net: NetName=OPAMP1_VINM Pin=IC3-11
Added Pin To Net: NetName=OPAMP1_VINM Pin=R10-1
Added Pin To Net: NetName=OPAMP1_VINM Pin=R11-2
Added Net: Name=OPAMP1_VINM
Added Pin To Net: NetName=OPAMP1_VINP Pin=IC3-15
Added Pin To Net: NetName=OPAMP1_VINP Pin=Q2_U_Motor Phase3-1
Added Pin To Net: NetName=OPAMP1_VINP Pin=Q2_U_Motor Phase3-2
Added Pin To Net: NetName=OPAMP1_VINP Pin=Q2_U_Motor Phase3-3
Added Pin To Net: NetName=OPAMP1_VINP Pin=R7_U_Motor Phase3-2
Added Net: Name=OPAMP1_VINP
Added Pin To Net: NetName=OPAMP1_VOUT Pin=C8-2
Added Pin To Net: NetName=OPAMP1_VOUT Pin=IC3-10
Added Pin To Net: NetName=OPAMP1_VOUT Pin=R8-1
Added Pin To Net: NetName=OPAMP1_VOUT Pin=R10-2
Added Net: Name=OPAMP1_VOUT
Added Pin To Net: NetName=OPAMP2_VINM Pin=C9-1
Added Pin To Net: NetName=OPAMP2_VINM Pin=IC3-13
Added Pin To Net: NetName=OPAMP2_VINM Pin=R13-1
Added Pin To Net: NetName=OPAMP2_VINM Pin=R14-2
Added Net: Name=OPAMP2_VINM
Added Pin To Net: NetName=OPAMP2_VINP Pin=IC3-16
Added Pin To Net: NetName=OPAMP2_VINP Pin=Q2_U_Motor Phase2-1
Added Pin To Net: NetName=OPAMP2_VINP Pin=Q2_U_Motor Phase2-2
Added Pin To Net: NetName=OPAMP2_VINP Pin=Q2_U_Motor Phase2-3
Added Pin To Net: NetName=OPAMP2_VINP Pin=R7_U_Motor Phase2-2
Added Net: Name=OPAMP2_VINP
Added Pin To Net: NetName=OPAMP2_VOUT Pin=C9-2
Added Pin To Net: NetName=OPAMP2_VOUT Pin=IC3-14
Added Pin To Net: NetName=OPAMP2_VOUT Pin=R12-1
Added Pin To Net: NetName=OPAMP2_VOUT Pin=R13-2
Added Net: Name=OPAMP2_VOUT
Added Pin To Net: NetName=OPAMP3_VINM Pin=C18-1
Added Pin To Net: NetName=OPAMP3_VINM Pin=IC3-18
Added Pin To Net: NetName=OPAMP3_VINM Pin=R16-1
Added Pin To Net: NetName=OPAMP3_VINM Pin=R17-2
Added Net: Name=OPAMP3_VINM
Added Pin To Net: NetName=OPAMP3_VINP Pin=IC3-27
Added Pin To Net: NetName=OPAMP3_VINP Pin=Q2_U_Motor Phase1-1
Added Pin To Net: NetName=OPAMP3_VINP Pin=Q2_U_Motor Phase1-2
Added Pin To Net: NetName=OPAMP3_VINP Pin=Q2_U_Motor Phase1-3
Added Pin To Net: NetName=OPAMP3_VINP Pin=R7_U_Motor Phase1-2
Added Net: Name=OPAMP3_VINP
Added Pin To Net: NetName=OPAMP3_VOUT Pin=C18-2
Added Pin To Net: NetName=OPAMP3_VOUT Pin=IC3-17
Added Pin To Net: NetName=OPAMP3_VOUT Pin=R15-1
Added Pin To Net: NetName=OPAMP3_VOUT Pin=R16-2
Added Net: Name=OPAMP3_VOUT
Added Pin To Net: NetName=SYS_SWCLK Pin=IC3-38
Added Pin To Net: NetName=SYS_SWCLK Pin=J1-9
Added Net: Name=SYS_SWCLK
Added Pin To Net: NetName=SYS_SWDIO Pin=IC3-37
Added Pin To Net: NetName=SYS_SWDIO Pin=J1-8
Added Net: Name=SYS_SWDIO
Added Pin To Net: NetName=SYS_SWO Pin=IC3-40
Added Pin To Net: NetName=SYS_SWO Pin=J1-10
Added Net: Name=SYS_SWO
Added Pin To Net: NetName=TIM1_CH1N Pin=IC1-4
Added Pin To Net: NetName=TIM1_CH1N Pin=IC3-2
Added Net: Name=TIM1_CH1N
Added Pin To Net: NetName=TIM1_CH1 Pin=IC1-1
Added Pin To Net: NetName=TIM1_CH1 Pin=IC3-30
Added Net: Name=TIM1_CH1
Added Pin To Net: NetName=TIM1_CH2N Pin=IC1-5
Added Pin To Net: NetName=TIM1_CH2N Pin=IC3-34
Added Net: Name=TIM1_CH2N
Added Pin To Net: NetName=TIM1_CH2 Pin=IC1-2
Added Pin To Net: NetName=TIM1_CH2 Pin=IC3-31
Added Net: Name=TIM1_CH2
Added Pin To Net: NetName=TIM1_CH3N Pin=IC1-6
Added Pin To Net: NetName=TIM1_CH3N Pin=IC3-46
Added Net: Name=TIM1_CH3N
Added Pin To Net: NetName=TIM1_CH3 Pin=IC1-3
Added Pin To Net: NetName=TIM1_CH3 Pin=IC3-32
Added Net: Name=TIM1_CH3
Added Pin To Net: NetName=USART1_RX Pin=IC3-44
Added Pin To Net: NetName=USART1_RX Pin=J1-2
Added Net: Name=USART1_RX
Added Pin To Net: NetName=USART1_TX Pin=IC3-43
Added Pin To Net: NetName=USART1_TX Pin=J1-3
Added Net: Name=USART1_TX
Added Pin To Net: NetName=USART3_RX Pin=IC3-25
Added Pin To Net: NetName=USART3_RX Pin=J2-2
Added Net: Name=USART3_RX
Added Pin To Net: NetName=USART3_TX Pin=IC3-22
Added Pin To Net: NetName=USART3_TX Pin=J2-3
Added Net: Name=USART3_TX
Added Pin To Net: NetName=VDDA Pin=C15-2
Added Pin To Net: NetName=VDDA Pin=C16-2
Added Pin To Net: NetName=VDDA Pin=IC3-20
Added Pin To Net: NetName=VDDA Pin=IC3-21
Added Pin To Net: NetName=VDDA Pin=L1-1
Added Net: Name=VDDA
Added Pin To Net: NetName=VDD Pin=C5-2
Added Pin To Net: NetName=VDD Pin=C10-2
Added Pin To Net: NetName=VDD Pin=C11-2
Added Pin To Net: NetName=VDD Pin=C12-2
Added Pin To Net: NetName=VDD Pin=C13-2
Added Pin To Net: NetName=VDD Pin=C14-2
Added Pin To Net: NetName=VDD Pin=C17-2
Added Pin To Net: NetName=VDD Pin=IC2-1
Added Pin To Net: NetName=VDD Pin=IC3-1
Added Pin To Net: NetName=VDD Pin=IC3-24
Added Pin To Net: NetName=VDD Pin=IC3-36
Added Pin To Net: NetName=VDD Pin=IC3-48
Added Pin To Net: NetName=VDD Pin=J1-5
Added Pin To Net: NetName=VDD Pin=J2-1
Added Pin To Net: NetName=VDD Pin=L1-2
Added Net: Name=VDD
Added Class: Name=Top Level
Added Member To Class: ClassName=U_Motor Driver Member=Component C1 0805,X5R,10uF,25V,10%
Added Member To Class: ClassName=U_Motor Driver Member=Component C2 470uF,35V,20%
Added Member To Class: ClassName=U_Motor Driver Member=Component C3 470uF,35V,20%
Added Member To Class: ClassName=U_Motor Driver Member=Component C4 0603,X7R,15nF,50V,10%
Added Member To Class: ClassName=U_Motor Driver Member=Component C5 0603,X7R,100nF,50V,10%
Added Member To Class: ClassName=U_Motor Phase1 Member=Component C6_U_Motor Phase1 (C6) 0603,X7R,100nF,50V,10%
Added Member To Class: ClassName=U_Motor Phase2 Member=Component C6_U_Motor Phase2 (C6) 0603,X7R,100nF,50V,10%
Added Member To Class: ClassName=U_Motor Phase3 Member=Component C6_U_Motor Phase3 (C6) 0603,X7R,100nF,50V,10%
Added Member To Class: ClassName=U_Motor Phase1 Member=Component C7_U_Motor Phase1 (C7) 0603,X7R,15nF,50V,10%
Added Member To Class: ClassName=U_Motor Phase2 Member=Component C7_U_Motor Phase2 (C7) 0603,X7R,15nF,50V,10%
Added Member To Class: ClassName=U_Motor Phase3 Member=Component C7_U_Motor Phase3 (C7) 0603,X7R,15nF,50V,10%
Added Member To Class: ClassName=U_STM32G4 Member=Component C8 0603,NP0,120pF,50V,5%
Added Member To Class: ClassName=U_STM32G4 Member=Component C9 0603,NP0,120pF,50V,5%
Added Member To Class: ClassName=U_STM32G4 Member=Component C10 0805,X5R,10uF,25V,10%
Added Member To Class: ClassName=U_STM32G4 Member=Component C11 0603,X7R,100nF,50V,10%
Added Member To Class: ClassName=U_STM32G4 Member=Component C12 0603,X7R,100nF,50V,10%
Added Member To Class: ClassName=U_STM32G4 Member=Component C13 0603,X7R,100nF,50V,10%
Added Member To Class: ClassName=U_STM32G4 Member=Component C14 0603,X7R,100nF,50V,10%
Added Member To Class: ClassName=U_STM32G4 Member=Component C15 0603,X7R,100nF,50V,10%
Added Member To Class: ClassName=U_STM32G4 Member=Component C16 0603,X7R,1uF,50V,10%
Added Member To Class: ClassName=U_STM32G4 Member=Component C17 0603,X7R,100nF,50V,10%
Added Member To Class: ClassName=U_STM32G4 Member=Component C18 0603,NP0,120pF,50V,5%
Added Member To Class: ClassName=U_Motor Driver Member=Component IC1 DRV8300DPWR
Added Member To Class: ClassName=U_Motor Driver Member=Component IC2 TMP236A2DBZR
Added Member To Class: ClassName=U_STM32G4 Member=Component IC3 STM32G431CBT6
Added Member To Class: ClassName=U_STM32G4 Member=Component J1 STLINK-SW
Added Member To Class: ClassName=U_STM32G4 Member=Component L1 600R@100MHz
Added Member To Class: ClassName=U_Motor Phase1 Member=Component Q1_U_Motor Phase1 (Q1) SIR182DP-T1-RE3
Added Member To Class: ClassName=U_Motor Phase2 Member=Component Q1_U_Motor Phase2 (Q1) SIR182DP-T1-RE3
Added Member To Class: ClassName=U_Motor Phase3 Member=Component Q1_U_Motor Phase3 (Q1) SIR182DP-T1-RE3
Added Member To Class: ClassName=U_Motor Phase1 Member=Component Q2_U_Motor Phase1 (Q2) SIR182DP-T1-RE3
Added Member To Class: ClassName=U_Motor Phase2 Member=Component Q2_U_Motor Phase2 (Q2) SIR182DP-T1-RE3
Added Member To Class: ClassName=U_Motor Phase3 Member=Component Q2_U_Motor Phase3 (Q2) SIR182DP-T1-RE3
Added Member To Class: ClassName=U_Motor Driver Member=Component R1 0603,4.7K,1%
Added Member To Class: ClassName=U_Motor Driver Member=Component R2 0603,1K,1%
Added Member To Class: ClassName=U_Motor Phase1 Member=Component R3_U_Motor Phase1 (R3) 0603,130R,1%
Added Member To Class: ClassName=U_Motor Phase2 Member=Component R3_U_Motor Phase2 (R3) 0603,130R,1%
Added Member To Class: ClassName=U_Motor Phase3 Member=Component R3_U_Motor Phase3 (R3) 0603,130R,1%
Added Member To Class: ClassName=U_Motor Phase1 Member=Component R4_U_Motor Phase1 (R4) 0603,4.7K,1%
Added Member To Class: ClassName=U_Motor Phase2 Member=Component R4_U_Motor Phase2 (R4) 0603,4.7K,1%
Added Member To Class: ClassName=U_Motor Phase3 Member=Component R4_U_Motor Phase3 (R4) 0603,4.7K,1%
Added Member To Class: ClassName=U_Motor Phase1 Member=Component R5_U_Motor Phase1 (R5) 0603,130R,1%
Added Member To Class: ClassName=U_Motor Phase2 Member=Component R5_U_Motor Phase2 (R5) 0603,130R,1%
Added Member To Class: ClassName=U_Motor Phase3 Member=Component R5_U_Motor Phase3 (R5) 0603,130R,1%
Added Member To Class: ClassName=U_Motor Phase1 Member=Component R6_U_Motor Phase1 (R6) 0603,1K,1%
Added Member To Class: ClassName=U_Motor Phase2 Member=Component R6_U_Motor Phase2 (R6) 0603,1K,1%
Added Member To Class: ClassName=U_Motor Phase3 Member=Component R6_U_Motor Phase3 (R6) 0603,1K,1%
Added Member To Class: ClassName=U_Motor Phase1 Member=Component R7_U_Motor Phase1 (R7) 1210, 1mR, 1%
Added Member To Class: ClassName=U_Motor Phase2 Member=Component R7_U_Motor Phase2 (R7) 1210, 1mR, 1%
Added Member To Class: ClassName=U_Motor Phase3 Member=Component R7_U_Motor Phase3 (R7) 1210, 1mR, 1%
Added Member To Class: ClassName=U_STM32G4 Member=Component R8 0603,0R,5%
Added Member To Class: ClassName=U_STM32G4 Member=Component R9 0603,4.7K,1%
Added Member To Class: ClassName=U_STM32G4 Member=Component R10 0603,100K,1%
Added Member To Class: ClassName=U_STM32G4 Member=Component R11 0603,1K,1%
Added Member To Class: ClassName=U_STM32G4 Member=Component R12 0603,0R,5%
Added Member To Class: ClassName=U_STM32G4 Member=Component R13 0603,100K,1%
Added Member To Class: ClassName=U_STM32G4 Member=Component R14 0603,1K,1%
Added Member To Class: ClassName=U_STM32G4 Member=Component R15 0603,0R,5%
Added Member To Class: ClassName=U_STM32G4 Member=Component R16 0603,100K,1%
Added Member To Class: ClassName=U_STM32G4 Member=Component R17 0603,1K,1%
Added Member To Class: ClassName=U_STM32G4 Member=Component R18 0603,0R,5%
Added Rule: Name=Schematic Supply Nets_2
Added Rule: Name=Schematic Supply Nets_3
Added Rule: Name=Schematic Supply Nets_4
