Removed Member From Class: ClassName=U_Motor Driver Member=C15
Removed Member From Class: ClassName=U_Motor Phase1 Member=C19
Removed Member From Class: ClassName=U_Motor Phase2 Member=C19
Change Component Footprint: Designator=R18 Old Footprint=R1210 New Footprint=RES-SMD_L6.4-W3.2_RLP25
Change Component Footprint: Designator=R23 Old Footprint=R1210 New Footprint=RES-SMD_L6.4-W3.2_RLP25
Change Component Footprint: Designator=R28 Old Footprint=R1210 New Footprint=RES-SMD_L6.4-W3.2_RLP25
Change Component Comment : Designator=R18 Old Comment=1210, 1mR, 1% New Comment=2512,1mR,1%
Change Component Comment : Designator=R23 Old Comment=1210, 1mR, 1% New Comment=2512,1mR,1%
Change Component Comment : Designator=R28 Old Comment=1210, 1mR, 1% New Comment=2512,1mR,1%
Change component parameters: Designator = "R18" ("R7"); Footprint = "R1210"; UniqueID = "\USGCLKCD\YJYWFVUZ\PFBZOWQK" ("\USGCLKCD\YJYWFVUZ\PFBZOWQK")
Change component parameters (AddParameter): Name = "LCSC Part #"; Value = "C723380"; VariantName = "[No Variations]"
Change component parameters: Designator = "R23" ("R7"); Footprint = "R1210"; UniqueID = "\USGCLKCD\PNPTWIMW\PFBZOWQK" ("\USGCLKCD\PNPTWIMW\PFBZOWQK")
Change component parameters (AddParameter): Name = "LCSC Part #"; Value = "C723380"; VariantName = "[No Variations]"
Change component parameters: Designator = "R28" ("R7"); Footprint = "R1210"; UniqueID = "\USGCLKCD\ZFHRJMMV\PFBZOWQK" ("\USGCLKCD\ZFHRJMMV\PFBZOWQK")
Change component parameters (AddParameter): Name = "LCSC Part #"; Value = "C723380"; VariantName = "[No Variations]"
Added Member To Class: ClassName=U_Motor Driver Member=Component C12 (C2) 1000uF,25V,20%
Added Member To Class: ClassName=U_Motor Driver Member=Component C14 (C4) 0603,X7R,100nF,50V,10%
Added Member To Class: ClassName=U_Motor Phase1 Member=Component C16 (C6) 0603,X7R,15nF,50V,10%
Added Member To Class: ClassName=U_Motor Phase2 Member=Component C17 (C5) 0603,X7R,100nF,50V,10%
Added Member To Class: ClassName=U_Motor Phase2 Member=Component C18 (C6) 0603,X7R,15nF,50V,10%
