Added Component: Designator=C1(CAPC2012X145N)
Add component (AddParameter): Name = "Arrow Part Number"; Value = "CC0805KKX5R8BB106"; VariantName = "[No Variations]"
Add component (AddParameter): Name = "Arrow Price/Stock"; Value = "https://www.arrow.com/en/products/cc0805kkx5r8bb106/yageo?utm_currency=USD&region=nac"; VariantName = "[No Variations]"
Add component (AddParameter): Name = "Datasheet Link"; Value = "https://www.yageo.com/upload/media/product/productsearch/datasheet/mlcc/UPY-GPHC_X5R_4V-to-50V_27.pdf"; VariantName = "[No Variations]"
Add component (AddParameter): Name = "Height"; Value = "1.45mm"; VariantName = "[No Variations]"
Add component (AddParameter): Name = "LCSC Part Number"; Value = "C89831"; VariantName = "[No Variations]"
Add component (AddParameter): Name = "Manufacturer_Name"; Value = "YAGEO"; VariantName = "[No Variations]"
Add component (AddParameter): Name = "Manufacturer_Part_Number"; Value = "CC0805KKX5R8BB106"; VariantName = "[No Variations]"
Add component (AddParameter): Name = "Mouser Part Number"; Value = "603-CC805KKX5R8BB106"; VariantName = "[No Variations]"
Add component (AddParameter): Name = "Mouser Price/Stock"; Value = "https://www.mouser.co.uk/ProductDetail/YAGEO/CC0805KKX5R8BB106?qs=57cj7OiSijm89pM64t1AGQ%3D%3D"; VariantName = "[No Variations]"
Added Component: Designator=C2_U_Motor Phase1(CAPC2012X145N)
Add component (AddParameter): Name = "Arrow Part Number"; Value = "CC0805KKX5R8BB106"; VariantName = "[No Variations]"
Add component (AddParameter): Name = "Arrow Price/Stock"; Value = "https://www.arrow.com/en/products/cc0805kkx5r8bb106/yageo?utm_currency=USD&region=nac"; VariantName = "[No Variations]"
Add component (AddParameter): Name = "Datasheet Link"; Value = "https://www.yageo.com/upload/media/product/productsearch/datasheet/mlcc/UPY-GPHC_X5R_4V-to-50V_27.pdf"; VariantName = "[No Variations]"
Add component (AddParameter): Name = "Height"; Value = "1.45mm"; VariantName = "[No Variations]"
Add component (AddParameter): Name = "LCSC Part Number"; Value = "C89831"; VariantName = "[No Variations]"
Add component (AddParameter): Name = "Manufacturer_Name"; Value = "YAGEO"; VariantName = "[No Variations]"
Add component (AddParameter): Name = "Manufacturer_Part_Number"; Value = "CC0805KKX5R8BB106"; VariantName = "[No Variations]"
Add component (AddParameter): Name = "Mouser Part Number"; Value = "603-CC805KKX5R8BB106"; VariantName = "[No Variations]"
Add component (AddParameter): Name = "Mouser Price/Stock"; Value = "https://www.mouser.co.uk/ProductDetail/YAGEO/CC0805KKX5R8BB106?qs=57cj7OiSijm89pM64t1AGQ%3D%3D"; VariantName = "[No Variations]"
Added Component: Designator=C2_U_Motor Phase2(CAPC2012X145N)
Add component (AddParameter): Name = "Arrow Part Number"; Value = "CC0805KKX5R8BB106"; VariantName = "[No Variations]"
Add component (AddParameter): Name = "Arrow Price/Stock"; Value = "https://www.arrow.com/en/products/cc0805kkx5r8bb106/yageo?utm_currency=USD&region=nac"; VariantName = "[No Variations]"
Add component (AddParameter): Name = "Datasheet Link"; Value = "https://www.yageo.com/upload/media/product/productsearch/datasheet/mlcc/UPY-GPHC_X5R_4V-to-50V_27.pdf"; VariantName = "[No Variations]"
Add component (AddParameter): Name = "Height"; Value = "1.45mm"; VariantName = "[No Variations]"
Add component (AddParameter): Name = "LCSC Part Number"; Value = "C89831"; VariantName = "[No Variations]"
Add component (AddParameter): Name = "Manufacturer_Name"; Value = "YAGEO"; VariantName = "[No Variations]"
Add component (AddParameter): Name = "Manufacturer_Part_Number"; Value = "CC0805KKX5R8BB106"; VariantName = "[No Variations]"
Add component (AddParameter): Name = "Mouser Part Number"; Value = "603-CC805KKX5R8BB106"; VariantName = "[No Variations]"
Add component (AddParameter): Name = "Mouser Price/Stock"; Value = "https://www.mouser.co.uk/ProductDetail/YAGEO/CC0805KKX5R8BB106?qs=57cj7OiSijm89pM64t1AGQ%3D%3D"; VariantName = "[No Variations]"
Added Component: Designator=C2_U_Motor Phase3(CAPC2012X145N)
Add component (AddParameter): Name = "Arrow Part Number"; Value = "CC0805KKX5R8BB106"; VariantName = "[No Variations]"
Add component (AddParameter): Name = "Arrow Price/Stock"; Value = "https://www.arrow.com/en/products/cc0805kkx5r8bb106/yageo?utm_currency=USD&region=nac"; VariantName = "[No Variations]"
Add component (AddParameter): Name = "Datasheet Link"; Value = "https://www.yageo.com/upload/media/product/productsearch/datasheet/mlcc/UPY-GPHC_X5R_4V-to-50V_27.pdf"; VariantName = "[No Variations]"
Add component (AddParameter): Name = "Height"; Value = "1.45mm"; VariantName = "[No Variations]"
Add component (AddParameter): Name = "LCSC Part Number"; Value = "C89831"; VariantName = "[No Variations]"
Add component (AddParameter): Name = "Manufacturer_Name"; Value = "YAGEO"; VariantName = "[No Variations]"
Add component (AddParameter): Name = "Manufacturer_Part_Number"; Value = "CC0805KKX5R8BB106"; VariantName = "[No Variations]"
Add component (AddParameter): Name = "Mouser Part Number"; Value = "603-CC805KKX5R8BB106"; VariantName = "[No Variations]"
Add component (AddParameter): Name = "Mouser Price/Stock"; Value = "https://www.mouser.co.uk/ProductDetail/YAGEO/CC0805KKX5R8BB106?qs=57cj7OiSijm89pM64t1AGQ%3D%3D"; VariantName = "[No Variations]"
Added Component: Designator=C3_U_Motor Phase1(CAPC1608X90N)
Add component (AddParameter): Name = "Arrow Part Number"; Value = "CC0603KRX7R9BB104"; VariantName = "[No Variations]"
Add component (AddParameter): Name = "Arrow Price/Stock"; Value = "https://www.arrow.com/en/products/cc0603krx7r9bb104/yageo?utm_currency=USD&region=europe"; VariantName = "[No Variations]"
Add component (AddParameter): Name = "Datasheet Link"; Value = "https://componentsearchengine.com/Datasheets/2/CC0603KRX7R9BB104.pdf"; VariantName = "[No Variations]"
Add component (AddParameter): Name = "Height"; Value = "0.9mm"; VariantName = "[No Variations]"
Add component (AddParameter): Name = "LCSC Part #"; Value = "C14663"; VariantName = "[No Variations]"
Add component (AddParameter): Name = "Manufacturer_Name"; Value = "YAGEO"; VariantName = "[No Variations]"
Add component (AddParameter): Name = "Manufacturer_Part_Number"; Value = "CC0603KRX7R9BB104"; VariantName = "[No Variations]"
Add component (AddParameter): Name = "Mouser Part Number"; Value = "603-CC603KRX7R9BB104"; VariantName = "[No Variations]"
Add component (AddParameter): Name = "Mouser Price/Stock"; Value = "https://www.mouser.co.uk/ProductDetail/YAGEO/CC0603KRX7R9BB104?qs=vTakOoo5QyLvVCYM2ge8LQ%3D%3D"; VariantName = "[No Variations]"
Added Component: Designator=C3_U_Motor Phase2(CAPC1608X90N)
Add component (AddParameter): Name = "Arrow Part Number"; Value = "CC0603KRX7R9BB104"; VariantName = "[No Variations]"
Add component (AddParameter): Name = "Arrow Price/Stock"; Value = "https://www.arrow.com/en/products/cc0603krx7r9bb104/yageo?utm_currency=USD&region=europe"; VariantName = "[No Variations]"
Add component (AddParameter): Name = "Datasheet Link"; Value = "https://componentsearchengine.com/Datasheets/2/CC0603KRX7R9BB104.pdf"; VariantName = "[No Variations]"
Add component (AddParameter): Name = "Height"; Value = "0.9mm"; VariantName = "[No Variations]"
Add component (AddParameter): Name = "LCSC Part #"; Value = "C14663"; VariantName = "[No Variations]"
Add component (AddParameter): Name = "Manufacturer_Name"; Value = "YAGEO"; VariantName = "[No Variations]"
Add component (AddParameter): Name = "Manufacturer_Part_Number"; Value = "CC0603KRX7R9BB104"; VariantName = "[No Variations]"
Add component (AddParameter): Name = "Mouser Part Number"; Value = "603-CC603KRX7R9BB104"; VariantName = "[No Variations]"
Add component (AddParameter): Name = "Mouser Price/Stock"; Value = "https://www.mouser.co.uk/ProductDetail/YAGEO/CC0603KRX7R9BB104?qs=vTakOoo5QyLvVCYM2ge8LQ%3D%3D"; VariantName = "[No Variations]"
Added Component: Designator=C3_U_Motor Phase3(CAPC1608X90N)
Add component (AddParameter): Name = "Arrow Part Number"; Value = "CC0603KRX7R9BB104"; VariantName = "[No Variations]"
Add component (AddParameter): Name = "Arrow Price/Stock"; Value = "https://www.arrow.com/en/products/cc0603krx7r9bb104/yageo?utm_currency=USD&region=europe"; VariantName = "[No Variations]"
Add component (AddParameter): Name = "Datasheet Link"; Value = "https://componentsearchengine.com/Datasheets/2/CC0603KRX7R9BB104.pdf"; VariantName = "[No Variations]"
Add component (AddParameter): Name = "Height"; Value = "0.9mm"; VariantName = "[No Variations]"
Add component (AddParameter): Name = "LCSC Part #"; Value = "C14663"; VariantName = "[No Variations]"
Add component (AddParameter): Name = "Manufacturer_Name"; Value = "YAGEO"; VariantName = "[No Variations]"
Add component (AddParameter): Name = "Manufacturer_Part_Number"; Value = "CC0603KRX7R9BB104"; VariantName = "[No Variations]"
Add component (AddParameter): Name = "Mouser Part Number"; Value = "603-CC603KRX7R9BB104"; VariantName = "[No Variations]"
Add component (AddParameter): Name = "Mouser Price/Stock"; Value = "https://www.mouser.co.uk/ProductDetail/YAGEO/CC0603KRX7R9BB104?qs=vTakOoo5QyLvVCYM2ge8LQ%3D%3D"; VariantName = "[No Variations]"
Added Component: Designator=C4_U_Motor Phase1(CAPC1608X90N)
Add component (AddParameter): Name = "Arrow Part Number"; Value = "CC0603KRX7R9BB104"; VariantName = "[No Variations]"
Add component (AddParameter): Name = "Arrow Price/Stock"; Value = "https://www.arrow.com/en/products/cc0603krx7r9bb104/yageo?utm_currency=USD&region=europe"; VariantName = "[No Variations]"
Add component (AddParameter): Name = "Datasheet Link"; Value = "https://componentsearchengine.com/Datasheets/2/CC0603KRX7R9BB104.pdf"; VariantName = "[No Variations]"
Add component (AddParameter): Name = "Height"; Value = "0.9mm"; VariantName = "[No Variations]"
Add component (AddParameter): Name = "LCSC Part #"; Value = "C100042"; VariantName = "[No Variations]"
Add component (AddParameter): Name = "Manufacturer_Name"; Value = "YAGEO"; VariantName = "[No Variations]"
Add component (AddParameter): Name = "Manufacturer_Part_Number"; Value = "CC0603KRX7R9BB103"; VariantName = "[No Variations]"
Add component (AddParameter): Name = "Mouser Part Number"; Value = "603-CC603KRX7R9BB104"; VariantName = "[No Variations]"
Add component (AddParameter): Name = "Mouser Price/Stock"; Value = "https://www.mouser.co.uk/ProductDetail/YAGEO/CC0603KRX7R9BB104?qs=vTakOoo5QyLvVCYM2ge8LQ%3D%3D"; VariantName = "[No Variations]"
Added Component: Designator=C4_U_Motor Phase2(CAPC1608X90N)
Add component (AddParameter): Name = "Arrow Part Number"; Value = "CC0603KRX7R9BB104"; VariantName = "[No Variations]"
Add component (AddParameter): Name = "Arrow Price/Stock"; Value = "https://www.arrow.com/en/products/cc0603krx7r9bb104/yageo?utm_currency=USD&region=europe"; VariantName = "[No Variations]"
Add component (AddParameter): Name = "Datasheet Link"; Value = "https://componentsearchengine.com/Datasheets/2/CC0603KRX7R9BB104.pdf"; VariantName = "[No Variations]"
Add component (AddParameter): Name = "Height"; Value = "0.9mm"; VariantName = "[No Variations]"
Add component (AddParameter): Name = "LCSC Part #"; Value = "C100042"; VariantName = "[No Variations]"
Add component (AddParameter): Name = "Manufacturer_Name"; Value = "YAGEO"; VariantName = "[No Variations]"
Add component (AddParameter): Name = "Manufacturer_Part_Number"; Value = "CC0603KRX7R9BB103"; VariantName = "[No Variations]"
Add component (AddParameter): Name = "Mouser Part Number"; Value = "603-CC603KRX7R9BB104"; VariantName = "[No Variations]"
Add component (AddParameter): Name = "Mouser Price/Stock"; Value = "https://www.mouser.co.uk/ProductDetail/YAGEO/CC0603KRX7R9BB104?qs=vTakOoo5QyLvVCYM2ge8LQ%3D%3D"; VariantName = "[No Variations]"
Added Component: Designator=C4_U_Motor Phase3(CAPC1608X90N)
Add component (AddParameter): Name = "Arrow Part Number"; Value = "CC0603KRX7R9BB104"; VariantName = "[No Variations]"
Add component (AddParameter): Name = "Arrow Price/Stock"; Value = "https://www.arrow.com/en/products/cc0603krx7r9bb104/yageo?utm_currency=USD&region=europe"; VariantName = "[No Variations]"
Add component (AddParameter): Name = "Datasheet Link"; Value = "https://componentsearchengine.com/Datasheets/2/CC0603KRX7R9BB104.pdf"; VariantName = "[No Variations]"
Add component (AddParameter): Name = "Height"; Value = "0.9mm"; VariantName = "[No Variations]"
Add component (AddParameter): Name = "LCSC Part #"; Value = "C100042"; VariantName = "[No Variations]"
Add component (AddParameter): Name = "Manufacturer_Name"; Value = "YAGEO"; VariantName = "[No Variations]"
Add component (AddParameter): Name = "Manufacturer_Part_Number"; Value = "CC0603KRX7R9BB103"; VariantName = "[No Variations]"
Add component (AddParameter): Name = "Mouser Part Number"; Value = "603-CC603KRX7R9BB104"; VariantName = "[No Variations]"
Add component (AddParameter): Name = "Mouser Price/Stock"; Value = "https://www.mouser.co.uk/ProductDetail/YAGEO/CC0603KRX7R9BB104?qs=vTakOoo5QyLvVCYM2ge8LQ%3D%3D"; VariantName = "[No Variations]"
Added Component: Designator=C5(CAPC1608X90N)
Add component (AddParameter): Name = "Arrow Part Number"; Value = "CC0603KRX7R9BB104"; VariantName = "[No Variations]"
Add component (AddParameter): Name = "Arrow Price/Stock"; Value = "https://www.arrow.com/en/products/cc0603krx7r9bb104/yageo?utm_currency=USD&region=europe"; VariantName = "[No Variations]"
Add component (AddParameter): Name = "Datasheet Link"; Value = "https://componentsearchengine.com/Datasheets/2/CC0603KRX7R9BB104.pdf"; VariantName = "[No Variations]"
Add component (AddParameter): Name = "Height"; Value = "0.9mm"; VariantName = "[No Variations]"
Add component (AddParameter): Name = "LCSC Part #"; Value = "C14663"; VariantName = "[No Variations]"
Add component (AddParameter): Name = "Manufacturer_Name"; Value = "YAGEO"; VariantName = "[No Variations]"
Add component (AddParameter): Name = "Manufacturer_Part_Number"; Value = "CC0603KRX7R9BB104"; VariantName = "[No Variations]"
Add component (AddParameter): Name = "Mouser Part Number"; Value = "603-CC603KRX7R9BB104"; VariantName = "[No Variations]"
Add component (AddParameter): Name = "Mouser Price/Stock"; Value = "https://www.mouser.co.uk/ProductDetail/YAGEO/CC0603KRX7R9BB104?qs=vTakOoo5QyLvVCYM2ge8LQ%3D%3D"; VariantName = "[No Variations]"
Added Component: Designator=C6(CAPC2012X145N)
Add component (AddParameter): Name = "Arrow Part Number"; Value = "CC0805KKX5R8BB106"; VariantName = "[No Variations]"
Add component (AddParameter): Name = "Arrow Price/Stock"; Value = "https://www.arrow.com/en/products/cc0805kkx5r8bb106/yageo?utm_currency=USD&region=nac"; VariantName = "[No Variations]"
Add component (AddParameter): Name = "Datasheet Link"; Value = "https://www.yageo.com/upload/media/product/productsearch/datasheet/mlcc/UPY-GPHC_X5R_4V-to-50V_27.pdf"; VariantName = "[No Variations]"
Add component (AddParameter): Name = "Height"; Value = "1.45mm"; VariantName = "[No Variations]"
Add component (AddParameter): Name = "LCSC Part Number"; Value = "C89831"; VariantName = "[No Variations]"
Add component (AddParameter): Name = "Manufacturer_Name"; Value = "YAGEO"; VariantName = "[No Variations]"
Add component (AddParameter): Name = "Manufacturer_Part_Number"; Value = "CC0805KKX5R8BB106"; VariantName = "[No Variations]"
Add component (AddParameter): Name = "Mouser Part Number"; Value = "603-CC805KKX5R8BB106"; VariantName = "[No Variations]"
Add component (AddParameter): Name = "Mouser Price/Stock"; Value = "https://www.mouser.co.uk/ProductDetail/YAGEO/CC0805KKX5R8BB106?qs=57cj7OiSijm89pM64t1AGQ%3D%3D"; VariantName = "[No Variations]"
Added Component: Designator=C7(CAPC1608X90N)
Add component (AddParameter): Name = "Arrow Part Number"; Value = "CC0603KRX7R9BB104"; VariantName = "[No Variations]"
Add component (AddParameter): Name = "Arrow Price/Stock"; Value = "https://www.arrow.com/en/products/cc0603krx7r9bb104/yageo?utm_currency=USD&region=europe"; VariantName = "[No Variations]"
Add component (AddParameter): Name = "Datasheet Link"; Value = "https://componentsearchengine.com/Datasheets/2/CC0603KRX7R9BB104.pdf"; VariantName = "[No Variations]"
Add component (AddParameter): Name = "Height"; Value = "0.9mm"; VariantName = "[No Variations]"
Add component (AddParameter): Name = "LCSC Part #"; Value = "C160903"; VariantName = "[No Variations]"
Add component (AddParameter): Name = "Manufacturer_Name"; Value = "YAGEO"; VariantName = "[No Variations]"
Add component (AddParameter): Name = "Manufacturer_Part_Number"; Value = "CC0603KRX7R9BB101"; VariantName = "[No Variations]"
Add component (AddParameter): Name = "Mouser Part Number"; Value = "603-CC603KRX7R9BB104"; VariantName = "[No Variations]"
Add component (AddParameter): Name = "Mouser Price/Stock"; Value = "https://www.mouser.co.uk/ProductDetail/YAGEO/CC0603KRX7R9BB104?qs=vTakOoo5QyLvVCYM2ge8LQ%3D%3D"; VariantName = "[No Variations]"
Added Component: Designator=C8(CAPC2012X145N)
Add component (AddParameter): Name = "Arrow Part Number"; Value = ""; VariantName = "[No Variations]"
Add component (AddParameter): Name = "Arrow Price/Stock"; Value = ""; VariantName = "[No Variations]"
Add component (AddParameter): Name = "Datasheet Link"; Value = "https://www.yageo.com/upload/media/product/productsearch/datasheet/mlcc/UPY-GPHC_X5R_4V-to-50V_26.pdf"; VariantName = "[No Variations]"
Add component (AddParameter): Name = "Height"; Value = "1.45mm"; VariantName = "[No Variations]"
Add component (AddParameter): Name = "LCSC Part Number"; Value = "C784585"; VariantName = "[No Variations]"
Add component (AddParameter): Name = "Manufacturer_Name"; Value = "YAGEO"; VariantName = "[No Variations]"
Add component (AddParameter): Name = "Manufacturer_Part_Number"; Value = "CC0805MKX5R8BB226"; VariantName = "[No Variations]"
Add component (AddParameter): Name = "Mouser Part Number"; Value = "603-CC805MKX5R8BB226"; VariantName = "[No Variations]"
Add component (AddParameter): Name = "Mouser Price/Stock"; Value = "https://www.mouser.co.uk/ProductDetail/YAGEO/CC0805MKX5R8BB226?qs=WS5Jv%252B%252Bx1qULWDK6O%2FQuig%3D%3D"; VariantName = "[No Variations]"
Added Component: Designator=C9(CAPC2012X145N)
Add component (AddParameter): Name = "Arrow Part Number"; Value = ""; VariantName = "[No Variations]"
Add component (AddParameter): Name = "Arrow Price/Stock"; Value = ""; VariantName = "[No Variations]"
Add component (AddParameter): Name = "Datasheet Link"; Value = "https://www.yageo.com/upload/media/product/productsearch/datasheet/mlcc/UPY-GPHC_X5R_4V-to-50V_26.pdf"; VariantName = "[No Variations]"
Add component (AddParameter): Name = "Height"; Value = "1.45mm"; VariantName = "[No Variations]"
Add component (AddParameter): Name = "LCSC Part Number"; Value = "C784585"; VariantName = "[No Variations]"
Add component (AddParameter): Name = "Manufacturer_Name"; Value = "YAGEO"; VariantName = "[No Variations]"
Add component (AddParameter): Name = "Manufacturer_Part_Number"; Value = "CC0805MKX5R8BB226"; VariantName = "[No Variations]"
Add component (AddParameter): Name = "Mouser Part Number"; Value = "603-CC805MKX5R8BB226"; VariantName = "[No Variations]"
Add component (AddParameter): Name = "Mouser Price/Stock"; Value = "https://www.mouser.co.uk/ProductDetail/YAGEO/CC0805MKX5R8BB226?qs=WS5Jv%252B%252Bx1qULWDK6O%2FQuig%3D%3D"; VariantName = "[No Variations]"
Added Component: Designator=IC1(SOP65P640X120-20N)
Add component (AddParameter): Name = "Arrow Part Number"; Value = "DRV8300DPWR"; VariantName = "[No Variations]"
Add component (AddParameter): Name = "Arrow Price/Stock"; Value = "https://www.arrow.com/en/products/drv8300dpwr/texas-instruments?utm_currency=USD&region=nac"; VariantName = "[No Variations]"
Add component (AddParameter): Name = "Datasheet Link"; Value = ""; VariantName = "[No Variations]"
Add component (AddParameter): Name = "Height"; Value = "1.2mm"; VariantName = "[No Variations]"
Add component (AddParameter): Name = "LCSC Part #"; Value = "C3036056"; VariantName = "[No Variations]"
Add component (AddParameter): Name = "Manufacturer_Name"; Value = "Texas Instruments"; VariantName = "[No Variations]"
Add component (AddParameter): Name = "Manufacturer_Part_Number"; Value = "DRV8300DPWR"; VariantName = "[No Variations]"
Add component (AddParameter): Name = "Mouser Part Number"; Value = "595-DRV8300DPWR"; VariantName = "[No Variations]"
Add component (AddParameter): Name = "Mouser Price/Stock"; Value = "https://www.mouser.co.uk/ProductDetail/Texas-Instruments/DRV8300DPWR?qs=eP2BKZSCXI6qJbKdYnGwBg%3D%3D"; VariantName = "[No Variations]"
Added Component: Designator=IC2(SOT95P280X100-6N)
Add component (AddParameter): Name = "Arrow Part Number"; Value = "AP63200WU-7"; VariantName = "[No Variations]"
Add component (AddParameter): Name = "Arrow Price/Stock"; Value = "https://www.arrow.com/en/products/ap63200wu-7/diodes-incorporated?utm_currency=USD&region=nac"; VariantName = "[No Variations]"
Add component (AddParameter): Name = "Datasheet Link"; Value = "https://www.diodes.com//assets/Datasheets/AP63200-AP63201-AP63203-AP63205.pdf"; VariantName = "[No Variations]"
Add component (AddParameter): Name = "Height"; Value = "1mm"; VariantName = "[No Variations]"
Add component (AddParameter): Name = "LCSC Part #"; Value = "C2071868"; VariantName = "[No Variations]"
Add component (AddParameter): Name = "Manufacturer_Name"; Value = "Diodes Incorporated"; VariantName = "[No Variations]"
Add component (AddParameter): Name = "Manufacturer_Part_Number"; Value = "AP63200WU-7"; VariantName = "[No Variations]"
Add component (AddParameter): Name = "Mouser Part Number"; Value = "621-AP63200WU-7"; VariantName = "[No Variations]"
Add component (AddParameter): Name = "Mouser Price/Stock"; Value = "https://www.mouser.co.uk/ProductDetail/Diodes-Incorporated/AP63200WU-7?qs=u16ybLDytRZrauj7eRB5tw%3D%3D"; VariantName = "[No Variations]"
Added Component: Designator=IC3(QFP50P900X900X160-48N)
Add component (AddParameter): Name = "Arrow Part Number"; Value = "STM32G431CBT6"; VariantName = "[No Variations]"
Add component (AddParameter): Name = "Arrow Price/Stock"; Value = "https://www.arrow.com/en/products/stm32g431cbt6/stmicroelectronics?utm_currency=USD&region=nac"; VariantName = "[No Variations]"
Add component (AddParameter): Name = "Datasheet Link"; Value = "https://www.st.com/resource/en/datasheet/stm32g431cb.pdf"; VariantName = "[No Variations]"
Add component (AddParameter): Name = "Height"; Value = "1.6mm"; VariantName = "[No Variations]"
Add component (AddParameter): Name = "LCSC Part #"; Value = "C529355"; VariantName = "[No Variations]"
Add component (AddParameter): Name = "Manufacturer_Name"; Value = "STMicroelectronics"; VariantName = "[No Variations]"
Add component (AddParameter): Name = "Manufacturer_Part_Number"; Value = "STM32G431CBT6"; VariantName = "[No Variations]"
Add component (AddParameter): Name = "Mouser Part Number"; Value = "511-STM32G431CBT6"; VariantName = "[No Variations]"
Add component (AddParameter): Name = "Mouser Price/Stock"; Value = "https://www.mouser.co.uk/ProductDetail/STMicroelectronics/STM32G431CBT6?qs=T3oQrply3y8OocyGDXq5wg%3D%3D"; VariantName = "[No Variations]"
Added Component: Designator=L1(IND-SMD_L7.0-W6.6)
Add component (AddParameter): Name = "LCSC Part #"; Value = "C167221"; VariantName = "[No Variations]"
Added Component: Designator=Q1_U_Motor Phase1(POWERPAK-SO-8_L5.9-W4.9-P1.27-LS6.2-BL)
Add component (AddParameter): Name = "LCSC Part #"; Value = "C467943"; VariantName = "[No Variations]"
Added Component: Designator=Q1_U_Motor Phase2(POWERPAK-SO-8_L5.9-W4.9-P1.27-LS6.2-BL)
Add component (AddParameter): Name = "LCSC Part #"; Value = "C467943"; VariantName = "[No Variations]"
Added Component: Designator=Q1_U_Motor Phase3(POWERPAK-SO-8_L5.9-W4.9-P1.27-LS6.2-BL)
Add component (AddParameter): Name = "LCSC Part #"; Value = "C467943"; VariantName = "[No Variations]"
Added Component: Designator=Q2_U_Motor Phase1(POWERPAK-SO-8_L5.9-W4.9-P1.27-LS6.2-BL)
Add component (AddParameter): Name = "LCSC Part #"; Value = "C467943"; VariantName = "[No Variations]"
Added Component: Designator=Q2_U_Motor Phase2(POWERPAK-SO-8_L5.9-W4.9-P1.27-LS6.2-BL)
Add component (AddParameter): Name = "LCSC Part #"; Value = "C467943"; VariantName = "[No Variations]"
Added Component: Designator=Q2_U_Motor Phase3(POWERPAK-SO-8_L5.9-W4.9-P1.27-LS6.2-BL)
Add component (AddParameter): Name = "LCSC Part #"; Value = "C467943"; VariantName = "[No Variations]"
Added Component: Designator=R1_U_Motor Phase1(RESC1608X55N)
Add component (AddParameter): Name = "Arrow Part Number"; Value = ""; VariantName = "[No Variations]"
Add component (AddParameter): Name = "Arrow Price/Stock"; Value = ""; VariantName = "[No Variations]"
Add component (AddParameter): Name = "Datasheet Link"; Value = "https://www.mouser.com/catalog/specsheets/YAGEO_PYu_RC_Group_51_RoHS_L_12.pdf"; VariantName = "[No Variations]"
Add component (AddParameter): Name = "Height"; Value = "0.55mm"; VariantName = "[No Variations]"
Add component (AddParameter): Name = "LCSC Part #"; Value = "C141677"; VariantName = "[No Variations]"
Add component (AddParameter): Name = "Manufacturer_Name"; Value = "YAGEO"; VariantName = "[No Variations]"
Add component (AddParameter): Name = "Manufacturer_Part_Number"; Value = "RC0603FR-07130RL"; VariantName = "[No Variations]"
Add component (AddParameter): Name = "Mouser Part Number"; Value = ""; VariantName = "[No Variations]"
Add component (AddParameter): Name = "Mouser Price/Stock"; Value = ""; VariantName = "[No Variations]"
Added Component: Designator=R1_U_Motor Phase2(RESC1608X55N)
Add component (AddParameter): Name = "Arrow Part Number"; Value = ""; VariantName = "[No Variations]"
Add component (AddParameter): Name = "Arrow Price/Stock"; Value = ""; VariantName = "[No Variations]"
Add component (AddParameter): Name = "Datasheet Link"; Value = "https://www.mouser.com/catalog/specsheets/YAGEO_PYu_RC_Group_51_RoHS_L_12.pdf"; VariantName = "[No Variations]"
Add component (AddParameter): Name = "Height"; Value = "0.55mm"; VariantName = "[No Variations]"
Add component (AddParameter): Name = "LCSC Part #"; Value = "C141677"; VariantName = "[No Variations]"
Add component (AddParameter): Name = "Manufacturer_Name"; Value = "YAGEO"; VariantName = "[No Variations]"
Add component (AddParameter): Name = "Manufacturer_Part_Number"; Value = "RC0603FR-07130RL"; VariantName = "[No Variations]"
Add component (AddParameter): Name = "Mouser Part Number"; Value = ""; VariantName = "[No Variations]"
Add component (AddParameter): Name = "Mouser Price/Stock"; Value = ""; VariantName = "[No Variations]"
Added Component: Designator=R1_U_Motor Phase3(RESC1608X55N)
Add component (AddParameter): Name = "Arrow Part Number"; Value = ""; VariantName = "[No Variations]"
Add component (AddParameter): Name = "Arrow Price/Stock"; Value = ""; VariantName = "[No Variations]"
Add component (AddParameter): Name = "Datasheet Link"; Value = "https://www.mouser.com/catalog/specsheets/YAGEO_PYu_RC_Group_51_RoHS_L_12.pdf"; VariantName = "[No Variations]"
Add component (AddParameter): Name = "Height"; Value = "0.55mm"; VariantName = "[No Variations]"
Add component (AddParameter): Name = "LCSC Part #"; Value = "C141677"; VariantName = "[No Variations]"
Add component (AddParameter): Name = "Manufacturer_Name"; Value = "YAGEO"; VariantName = "[No Variations]"
Add component (AddParameter): Name = "Manufacturer_Part_Number"; Value = "RC0603FR-07130RL"; VariantName = "[No Variations]"
Add component (AddParameter): Name = "Mouser Part Number"; Value = ""; VariantName = "[No Variations]"
Add component (AddParameter): Name = "Mouser Price/Stock"; Value = ""; VariantName = "[No Variations]"
Added Component: Designator=R2_U_Motor Phase1(RESC1608X55N)
Add component (AddParameter): Name = "Arrow Part Number"; Value = ""; VariantName = "[No Variations]"
Add component (AddParameter): Name = "Arrow Price/Stock"; Value = ""; VariantName = "[No Variations]"
Add component (AddParameter): Name = "Datasheet Link"; Value = "https://www.mouser.com/catalog/specsheets/YAGEO_PYu_RC_Group_51_RoHS_L_12.pdf"; VariantName = "[No Variations]"
Add component (AddParameter): Name = "Height"; Value = "0.55mm"; VariantName = "[No Variations]"
Add component (AddParameter): Name = "LCSC Part #"; Value = "C99782"; VariantName = "[No Variations]"
Add component (AddParameter): Name = "Manufacturer_Name"; Value = "YAGEO"; VariantName = "[No Variations]"
Add component (AddParameter): Name = "Manufacturer_Part_Number"; Value = "RC0603FR-074K7L"; VariantName = "[No Variations]"
Add component (AddParameter): Name = "Mouser Part Number"; Value = ""; VariantName = "[No Variations]"
Add component (AddParameter): Name = "Mouser Price/Stock"; Value = ""; VariantName = "[No Variations]"
Added Component: Designator=R2_U_Motor Phase2(RESC1608X55N)
Add component (AddParameter): Name = "Arrow Part Number"; Value = ""; VariantName = "[No Variations]"
Add component (AddParameter): Name = "Arrow Price/Stock"; Value = ""; VariantName = "[No Variations]"
Add component (AddParameter): Name = "Datasheet Link"; Value = "https://www.mouser.com/catalog/specsheets/YAGEO_PYu_RC_Group_51_RoHS_L_12.pdf"; VariantName = "[No Variations]"
Add component (AddParameter): Name = "Height"; Value = "0.55mm"; VariantName = "[No Variations]"
Add component (AddParameter): Name = "LCSC Part #"; Value = "C99782"; VariantName = "[No Variations]"
Add component (AddParameter): Name = "Manufacturer_Name"; Value = "YAGEO"; VariantName = "[No Variations]"
Add component (AddParameter): Name = "Manufacturer_Part_Number"; Value = "RC0603FR-074K7L"; VariantName = "[No Variations]"
Add component (AddParameter): Name = "Mouser Part Number"; Value = ""; VariantName = "[No Variations]"
Add component (AddParameter): Name = "Mouser Price/Stock"; Value = ""; VariantName = "[No Variations]"
Added Component: Designator=R2_U_Motor Phase3(RESC1608X55N)
Add component (AddParameter): Name = "Arrow Part Number"; Value = ""; VariantName = "[No Variations]"
Add component (AddParameter): Name = "Arrow Price/Stock"; Value = ""; VariantName = "[No Variations]"
Add component (AddParameter): Name = "Datasheet Link"; Value = "https://www.mouser.com/catalog/specsheets/YAGEO_PYu_RC_Group_51_RoHS_L_12.pdf"; VariantName = "[No Variations]"
Add component (AddParameter): Name = "Height"; Value = "0.55mm"; VariantName = "[No Variations]"
Add component (AddParameter): Name = "LCSC Part #"; Value = "C99782"; VariantName = "[No Variations]"
Add component (AddParameter): Name = "Manufacturer_Name"; Value = "YAGEO"; VariantName = "[No Variations]"
Add component (AddParameter): Name = "Manufacturer_Part_Number"; Value = "RC0603FR-074K7L"; VariantName = "[No Variations]"
Add component (AddParameter): Name = "Mouser Part Number"; Value = ""; VariantName = "[No Variations]"
Add component (AddParameter): Name = "Mouser Price/Stock"; Value = ""; VariantName = "[No Variations]"
Added Component: Designator=R3_U_Motor Phase1(RESC1608X55N)
Add component (AddParameter): Name = "Arrow Part Number"; Value = ""; VariantName = "[No Variations]"
Add component (AddParameter): Name = "Arrow Price/Stock"; Value = ""; VariantName = "[No Variations]"
Add component (AddParameter): Name = "Datasheet Link"; Value = "https://www.mouser.com/catalog/specsheets/YAGEO_PYu_RC_Group_51_RoHS_L_12.pdf"; VariantName = "[No Variations]"
Add component (AddParameter): Name = "Height"; Value = "0.55mm"; VariantName = "[No Variations]"
Add component (AddParameter): Name = "LCSC Part #"; Value = "C141677"; VariantName = "[No Variations]"
Add component (AddParameter): Name = "Manufacturer_Name"; Value = "YAGEO"; VariantName = "[No Variations]"
Add component (AddParameter): Name = "Manufacturer_Part_Number"; Value = "RC0603FR-07130RL"; VariantName = "[No Variations]"
Add component (AddParameter): Name = "Mouser Part Number"; Value = ""; VariantName = "[No Variations]"
Add component (AddParameter): Name = "Mouser Price/Stock"; Value = ""; VariantName = "[No Variations]"
Added Component: Designator=R3_U_Motor Phase2(RESC1608X55N)
Add component (AddParameter): Name = "Arrow Part Number"; Value = ""; VariantName = "[No Variations]"
Add component (AddParameter): Name = "Arrow Price/Stock"; Value = ""; VariantName = "[No Variations]"
Add component (AddParameter): Name = "Datasheet Link"; Value = "https://www.mouser.com/catalog/specsheets/YAGEO_PYu_RC_Group_51_RoHS_L_12.pdf"; VariantName = "[No Variations]"
Add component (AddParameter): Name = "Height"; Value = "0.55mm"; VariantName = "[No Variations]"
Add component (AddParameter): Name = "LCSC Part #"; Value = "C141677"; VariantName = "[No Variations]"
Add component (AddParameter): Name = "Manufacturer_Name"; Value = "YAGEO"; VariantName = "[No Variations]"
Add component (AddParameter): Name = "Manufacturer_Part_Number"; Value = "RC0603FR-07130RL"; VariantName = "[No Variations]"
Add component (AddParameter): Name = "Mouser Part Number"; Value = ""; VariantName = "[No Variations]"
Add component (AddParameter): Name = "Mouser Price/Stock"; Value = ""; VariantName = "[No Variations]"
Added Component: Designator=R3_U_Motor Phase3(RESC1608X55N)
Add component (AddParameter): Name = "Arrow Part Number"; Value = ""; VariantName = "[No Variations]"
Add component (AddParameter): Name = "Arrow Price/Stock"; Value = ""; VariantName = "[No Variations]"
Add component (AddParameter): Name = "Datasheet Link"; Value = "https://www.mouser.com/catalog/specsheets/YAGEO_PYu_RC_Group_51_RoHS_L_12.pdf"; VariantName = "[No Variations]"
Add component (AddParameter): Name = "Height"; Value = "0.55mm"; VariantName = "[No Variations]"
Add component (AddParameter): Name = "LCSC Part #"; Value = "C141677"; VariantName = "[No Variations]"
Add component (AddParameter): Name = "Manufacturer_Name"; Value = "YAGEO"; VariantName = "[No Variations]"
Add component (AddParameter): Name = "Manufacturer_Part_Number"; Value = "RC0603FR-07130RL"; VariantName = "[No Variations]"
Add component (AddParameter): Name = "Mouser Part Number"; Value = ""; VariantName = "[No Variations]"
Add component (AddParameter): Name = "Mouser Price/Stock"; Value = ""; VariantName = "[No Variations]"
Added Component: Designator=R4_U_Motor Phase1(RESC1608X55N)
Add component (AddParameter): Name = "Arrow Part Number"; Value = ""; VariantName = "[No Variations]"
Add component (AddParameter): Name = "Arrow Price/Stock"; Value = ""; VariantName = "[No Variations]"
Add component (AddParameter): Name = "Datasheet Link"; Value = "https://www.mouser.com/catalog/specsheets/YAGEO_PYu_RC_Group_51_RoHS_L_12.pdf"; VariantName = "[No Variations]"
Add component (AddParameter): Name = "Height"; Value = "0.55mm"; VariantName = "[No Variations]"
Add component (AddParameter): Name = "LCSC Part #"; Value = "C114662"; VariantName = "[No Variations]"
Add component (AddParameter): Name = "Manufacturer_Name"; Value = "YAGEO"; VariantName = "[No Variations]"
Add component (AddParameter): Name = "Manufacturer_Part_Number"; Value = "RC0603FR-072K2L"; VariantName = "[No Variations]"
Add component (AddParameter): Name = "Mouser Part Number"; Value = ""; VariantName = "[No Variations]"
Add component (AddParameter): Name = "Mouser Price/Stock"; Value = ""; VariantName = "[No Variations]"
Added Component: Designator=R4_U_Motor Phase2(RESC1608X55N)
Add component (AddParameter): Name = "Arrow Part Number"; Value = ""; VariantName = "[No Variations]"
Add component (AddParameter): Name = "Arrow Price/Stock"; Value = ""; VariantName = "[No Variations]"
Add component (AddParameter): Name = "Datasheet Link"; Value = "https://www.mouser.com/catalog/specsheets/YAGEO_PYu_RC_Group_51_RoHS_L_12.pdf"; VariantName = "[No Variations]"
Add component (AddParameter): Name = "Height"; Value = "0.55mm"; VariantName = "[No Variations]"
Add component (AddParameter): Name = "LCSC Part #"; Value = "C114662"; VariantName = "[No Variations]"
Add component (AddParameter): Name = "Manufacturer_Name"; Value = "YAGEO"; VariantName = "[No Variations]"
Add component (AddParameter): Name = "Manufacturer_Part_Number"; Value = "RC0603FR-072K2L"; VariantName = "[No Variations]"
Add component (AddParameter): Name = "Mouser Part Number"; Value = ""; VariantName = "[No Variations]"
Add component (AddParameter): Name = "Mouser Price/Stock"; Value = ""; VariantName = "[No Variations]"
Added Component: Designator=R4_U_Motor Phase3(RESC1608X55N)
Add component (AddParameter): Name = "Arrow Part Number"; Value = ""; VariantName = "[No Variations]"
Add component (AddParameter): Name = "Arrow Price/Stock"; Value = ""; VariantName = "[No Variations]"
Add component (AddParameter): Name = "Datasheet Link"; Value = "https://www.mouser.com/catalog/specsheets/YAGEO_PYu_RC_Group_51_RoHS_L_12.pdf"; VariantName = "[No Variations]"
Add component (AddParameter): Name = "Height"; Value = "0.55mm"; VariantName = "[No Variations]"
Add component (AddParameter): Name = "LCSC Part #"; Value = "C114662"; VariantName = "[No Variations]"
Add component (AddParameter): Name = "Manufacturer_Name"; Value = "YAGEO"; VariantName = "[No Variations]"
Add component (AddParameter): Name = "Manufacturer_Part_Number"; Value = "RC0603FR-072K2L"; VariantName = "[No Variations]"
Add component (AddParameter): Name = "Mouser Part Number"; Value = ""; VariantName = "[No Variations]"
Add component (AddParameter): Name = "Mouser Price/Stock"; Value = ""; VariantName = "[No Variations]"
Added Component: Designator=R5_U_Motor Phase1(R1210)
Add component (AddParameter): Name = "LCSC Part #"; Value = "C509735"; VariantName = "[No Variations]"
Added Component: Designator=R5_U_Motor Phase2(R1210)
Add component (AddParameter): Name = "LCSC Part #"; Value = "C509735"; VariantName = "[No Variations]"
Added Component: Designator=R5_U_Motor Phase3(R1210)
Add component (AddParameter): Name = "LCSC Part #"; Value = "C509735"; VariantName = "[No Variations]"
Added Component: Designator=R6(RESC1608X55N)
Add component (AddParameter): Name = "Arrow Part Number"; Value = ""; VariantName = "[No Variations]"
Add component (AddParameter): Name = "Arrow Price/Stock"; Value = ""; VariantName = "[No Variations]"
Add component (AddParameter): Name = "Datasheet Link"; Value = "https://www.mouser.com/catalog/specsheets/YAGEO_PYu_RC_Group_51_RoHS_L_12.pdf"; VariantName = "[No Variations]"
Add component (AddParameter): Name = "Height"; Value = "0.55mm"; VariantName = "[No Variations]"
Add component (AddParameter): Name = "LCSC Part #"; Value = "C245971"; VariantName = "[No Variations]"
Add component (AddParameter): Name = "Manufacturer_Name"; Value = "YAGEO"; VariantName = "[No Variations]"
Add component (AddParameter): Name = "Manufacturer_Part_Number"; Value = "RC0603FR-0745K3L"; VariantName = "[No Variations]"
Add component (AddParameter): Name = "Mouser Part Number"; Value = ""; VariantName = "[No Variations]"
Add component (AddParameter): Name = "Mouser Price/Stock"; Value = ""; VariantName = "[No Variations]"
Added Component: Designator=R7(RESC1608X55N)
Add component (AddParameter): Name = "Arrow Part Number"; Value = ""; VariantName = "[No Variations]"
Add component (AddParameter): Name = "Arrow Price/Stock"; Value = ""; VariantName = "[No Variations]"
Add component (AddParameter): Name = "Datasheet Link"; Value = "https://www.mouser.com/catalog/specsheets/YAGEO_PYu_RC_Group_51_RoHS_L_12.pdf"; VariantName = "[No Variations]"
Add component (AddParameter): Name = "Height"; Value = "0.55mm"; VariantName = "[No Variations]"
Add component (AddParameter): Name = "LCSC Part #"; Value = "C273771"; VariantName = "[No Variations]"
Add component (AddParameter): Name = "Manufacturer_Name"; Value = "YAGEO"; VariantName = "[No Variations]"
Add component (AddParameter): Name = "Manufacturer_Part_Number"; Value = "RC0603FR-075K76L"; VariantName = "[No Variations]"
Add component (AddParameter): Name = "Mouser Part Number"; Value = ""; VariantName = "[No Variations]"
Add component (AddParameter): Name = "Mouser Price/Stock"; Value = ""; VariantName = "[No Variations]"
Added Pin To Net: NetName=GND Pin=C1-1
Added Pin To Net: NetName=GND Pin=C2_U_Motor Phase1-2
Added Pin To Net: NetName=GND Pin=C2_U_Motor Phase2-2
Added Pin To Net: NetName=GND Pin=C2_U_Motor Phase3-2
Added Pin To Net: NetName=GND Pin=C4_U_Motor Phase1-1
Added Pin To Net: NetName=GND Pin=C4_U_Motor Phase2-1
Added Pin To Net: NetName=GND Pin=C4_U_Motor Phase3-1
Added Pin To Net: NetName=GND Pin=C6-1
Added Pin To Net: NetName=GND Pin=C8-1
Added Pin To Net: NetName=GND Pin=C9-1
Added Pin To Net: NetName=GND Pin=IC1-8
Added Pin To Net: NetName=GND Pin=IC2-4
Added Pin To Net: NetName=GND Pin=R4_U_Motor Phase1-1
Added Pin To Net: NetName=GND Pin=R4_U_Motor Phase2-1
Added Pin To Net: NetName=GND Pin=R4_U_Motor Phase3-1
Added Pin To Net: NetName=GND Pin=R5_U_Motor Phase1-1
Added Pin To Net: NetName=GND Pin=R5_U_Motor Phase2-1
Added Pin To Net: NetName=GND Pin=R5_U_Motor Phase3-1
Added Pin To Net: NetName=GND Pin=R7-1
Added Net: Name=GND
Added Pin To Net: NetName=NetC3_U_Motor Phase1_1 Pin=C3_U_Motor Phase1-1
Added Pin To Net: NetName=NetC3_U_Motor Phase1_1 Pin=IC1-12
Added Pin To Net: NetName=NetC3_U_Motor Phase1_1 Pin=Q1_U_Motor Phase1-1
Added Pin To Net: NetName=NetC3_U_Motor Phase1_1 Pin=Q1_U_Motor Phase1-2
Added Pin To Net: NetName=NetC3_U_Motor Phase1_1 Pin=Q1_U_Motor Phase1-3
Added Pin To Net: NetName=NetC3_U_Motor Phase1_1 Pin=Q2_U_Motor Phase1-5
Added Pin To Net: NetName=NetC3_U_Motor Phase1_1 Pin=Q2_U_Motor Phase1-6
Added Pin To Net: NetName=NetC3_U_Motor Phase1_1 Pin=Q2_U_Motor Phase1-7
Added Pin To Net: NetName=NetC3_U_Motor Phase1_1 Pin=Q2_U_Motor Phase1-8
Added Pin To Net: NetName=NetC3_U_Motor Phase1_1 Pin=Q2_U_Motor Phase1-8
Added Pin To Net: NetName=NetC3_U_Motor Phase1_1 Pin=R2_U_Motor Phase1-2
Added Net: Name=NetC3_U_Motor Phase1_1
Added Pin To Net: NetName=NetC3_U_Motor Phase1_2 Pin=C3_U_Motor Phase1-2
Added Pin To Net: NetName=NetC3_U_Motor Phase1_2 Pin=IC1-14
Added Net: Name=NetC3_U_Motor Phase1_2
Added Pin To Net: NetName=NetC3_U_Motor Phase2_1 Pin=C3_U_Motor Phase2-1
Added Pin To Net: NetName=NetC3_U_Motor Phase2_1 Pin=IC1-15
Added Pin To Net: NetName=NetC3_U_Motor Phase2_1 Pin=Q1_U_Motor Phase2-1
Added Pin To Net: NetName=NetC3_U_Motor Phase2_1 Pin=Q1_U_Motor Phase2-2
Added Pin To Net: NetName=NetC3_U_Motor Phase2_1 Pin=Q1_U_Motor Phase2-3
Added Pin To Net: NetName=NetC3_U_Motor Phase2_1 Pin=Q2_U_Motor Phase2-5
Added Pin To Net: NetName=NetC3_U_Motor Phase2_1 Pin=Q2_U_Motor Phase2-6
Added Pin To Net: NetName=NetC3_U_Motor Phase2_1 Pin=Q2_U_Motor Phase2-7
Added Pin To Net: NetName=NetC3_U_Motor Phase2_1 Pin=Q2_U_Motor Phase2-8
Added Pin To Net: NetName=NetC3_U_Motor Phase2_1 Pin=Q2_U_Motor Phase2-8
Added Pin To Net: NetName=NetC3_U_Motor Phase2_1 Pin=R2_U_Motor Phase2-2
Added Net: Name=NetC3_U_Motor Phase2_1
Added Pin To Net: NetName=NetC3_U_Motor Phase2_2 Pin=C3_U_Motor Phase2-2
Added Pin To Net: NetName=NetC3_U_Motor Phase2_2 Pin=IC1-17
Added Net: Name=NetC3_U_Motor Phase2_2
Added Pin To Net: NetName=NetC3_U_Motor Phase3_1 Pin=C3_U_Motor Phase3-1
Added Pin To Net: NetName=NetC3_U_Motor Phase3_1 Pin=IC1-18
Added Pin To Net: NetName=NetC3_U_Motor Phase3_1 Pin=Q1_U_Motor Phase3-1
Added Pin To Net: NetName=NetC3_U_Motor Phase3_1 Pin=Q1_U_Motor Phase3-2
Added Pin To Net: NetName=NetC3_U_Motor Phase3_1 Pin=Q1_U_Motor Phase3-3
Added Pin To Net: NetName=NetC3_U_Motor Phase3_1 Pin=Q2_U_Motor Phase3-5
Added Pin To Net: NetName=NetC3_U_Motor Phase3_1 Pin=Q2_U_Motor Phase3-6
Added Pin To Net: NetName=NetC3_U_Motor Phase3_1 Pin=Q2_U_Motor Phase3-7
Added Pin To Net: NetName=NetC3_U_Motor Phase3_1 Pin=Q2_U_Motor Phase3-8
Added Pin To Net: NetName=NetC3_U_Motor Phase3_1 Pin=Q2_U_Motor Phase3-8
Added Pin To Net: NetName=NetC3_U_Motor Phase3_1 Pin=R2_U_Motor Phase3-2
Added Net: Name=NetC3_U_Motor Phase3_1
Added Pin To Net: NetName=NetC3_U_Motor Phase3_2 Pin=C3_U_Motor Phase3-2
Added Pin To Net: NetName=NetC3_U_Motor Phase3_2 Pin=IC1-20
Added Net: Name=NetC3_U_Motor Phase3_2
Added Pin To Net: NetName=NetC4_U_Motor Phase1_2 Pin=C4_U_Motor Phase1-2
Added Pin To Net: NetName=NetC4_U_Motor Phase1_2 Pin=R2_U_Motor Phase1-1
Added Pin To Net: NetName=NetC4_U_Motor Phase1_2 Pin=R4_U_Motor Phase1-2
Added Net: Name=NetC4_U_Motor Phase1_2
Added Pin To Net: NetName=NetC4_U_Motor Phase2_2 Pin=C4_U_Motor Phase2-2
Added Pin To Net: NetName=NetC4_U_Motor Phase2_2 Pin=R2_U_Motor Phase2-1
Added Pin To Net: NetName=NetC4_U_Motor Phase2_2 Pin=R4_U_Motor Phase2-2
Added Net: Name=NetC4_U_Motor Phase2_2
Added Pin To Net: NetName=NetC4_U_Motor Phase3_2 Pin=C4_U_Motor Phase3-2
Added Pin To Net: NetName=NetC4_U_Motor Phase3_2 Pin=R2_U_Motor Phase3-1
Added Pin To Net: NetName=NetC4_U_Motor Phase3_2 Pin=R4_U_Motor Phase3-2
Added Net: Name=NetC4_U_Motor Phase3_2
Added Pin To Net: NetName=NetC5_1 Pin=C5-1
Added Pin To Net: NetName=NetC5_1 Pin=IC2-5
Added Pin To Net: NetName=NetC5_1 Pin=L1-1
Added Net: Name=NetC5_1
Added Pin To Net: NetName=NetC5_2 Pin=C5-2
Added Pin To Net: NetName=NetC5_2 Pin=IC2-6
Added Net: Name=NetC5_2
Added Pin To Net: NetName=NetC6_2 Pin=C6-2
Added Pin To Net: NetName=NetC6_2 Pin=IC2-3
Added Pin To Net: NetName=NetC6_2 Pin=R6-2
Added Net: Name=NetC6_2
Added Pin To Net: NetName=NetC7_1 Pin=C7-1
Added Pin To Net: NetName=NetC7_1 Pin=IC2-1
Added Net: Name=NetC7_1
Added Pin To Net: NetName=NetC7_2 Pin=C7-2
Added Pin To Net: NetName=NetC7_2 Pin=C8-2
Added Pin To Net: NetName=NetC7_2 Pin=C9-2
Added Pin To Net: NetName=NetC7_2 Pin=L1-2
Added Net: Name=NetC7_2
Added Pin To Net: NetName=NetIC1_1 Pin=IC1-1
Added Net: Name=NetIC1_1
Added Pin To Net: NetName=NetIC1_2 Pin=IC1-2
Added Net: Name=NetIC1_2
Added Pin To Net: NetName=NetIC1_3 Pin=IC1-3
Added Net: Name=NetIC1_3
Added Pin To Net: NetName=NetIC1_4 Pin=IC1-4
Added Net: Name=NetIC1_4
Added Pin To Net: NetName=NetIC1_5 Pin=IC1-5
Added Net: Name=NetIC1_5
Added Pin To Net: NetName=NetIC1_6 Pin=IC1-6
Added Net: Name=NetIC1_6
Added Pin To Net: NetName=NetIC1_9 Pin=IC1-9
Added Pin To Net: NetName=NetIC1_9 Pin=R3_U_Motor Phase1-1
Added Net: Name=NetIC1_9
Added Pin To Net: NetName=NetIC1_10 Pin=IC1-10
Added Pin To Net: NetName=NetIC1_10 Pin=R3_U_Motor Phase2-1
Added Net: Name=NetIC1_10
Added Pin To Net: NetName=NetIC1_11 Pin=IC1-11
Added Pin To Net: NetName=NetIC1_11 Pin=R3_U_Motor Phase3-1
Added Net: Name=NetIC1_11
Added Pin To Net: NetName=NetIC1_13 Pin=IC1-13
Added Pin To Net: NetName=NetIC1_13 Pin=R1_U_Motor Phase1-1
Added Net: Name=NetIC1_13
Added Pin To Net: NetName=NetIC1_16 Pin=IC1-16
Added Pin To Net: NetName=NetIC1_16 Pin=R1_U_Motor Phase2-1
Added Net: Name=NetIC1_16
Added Pin To Net: NetName=NetIC1_19 Pin=IC1-19
Added Pin To Net: NetName=NetIC1_19 Pin=R1_U_Motor Phase3-1
Added Net: Name=NetIC1_19
Added Pin To Net: NetName=NetIC2_2 Pin=IC2-2
Added Pin To Net: NetName=NetIC2_2 Pin=R6-1
Added Pin To Net: NetName=NetIC2_2 Pin=R7-2
Added Net: Name=NetIC2_2
Added Pin To Net: NetName=NetIC3_15 Pin=IC3-15
Added Net: Name=NetIC3_15
Added Pin To Net: NetName=NetIC3_16 Pin=IC3-16
Added Net: Name=NetIC3_16
Added Pin To Net: NetName=NetIC3_27 Pin=IC3-27
Added Net: Name=NetIC3_27
Added Pin To Net: NetName=NetQ1_U_Motor Phase1_4 Pin=Q1_U_Motor Phase1-4
Added Pin To Net: NetName=NetQ1_U_Motor Phase1_4 Pin=R1_U_Motor Phase1-2
Added Net: Name=NetQ1_U_Motor Phase1_4
Added Pin To Net: NetName=NetQ1_U_Motor Phase2_4 Pin=Q1_U_Motor Phase2-4
Added Pin To Net: NetName=NetQ1_U_Motor Phase2_4 Pin=R1_U_Motor Phase2-2
Added Net: Name=NetQ1_U_Motor Phase2_4
Added Pin To Net: NetName=NetQ1_U_Motor Phase3_4 Pin=Q1_U_Motor Phase3-4
Added Pin To Net: NetName=NetQ1_U_Motor Phase3_4 Pin=R1_U_Motor Phase3-2
Added Net: Name=NetQ1_U_Motor Phase3_4
Added Pin To Net: NetName=NetQ2_U_Motor Phase1_1 Pin=Q2_U_Motor Phase1-1
Added Pin To Net: NetName=NetQ2_U_Motor Phase1_1 Pin=Q2_U_Motor Phase1-2
Added Pin To Net: NetName=NetQ2_U_Motor Phase1_1 Pin=Q2_U_Motor Phase1-3
Added Pin To Net: NetName=NetQ2_U_Motor Phase1_1 Pin=R5_U_Motor Phase1-2
Added Net: Name=NetQ2_U_Motor Phase1_1
Added Pin To Net: NetName=NetQ2_U_Motor Phase1_4 Pin=Q2_U_Motor Phase1-4
Added Pin To Net: NetName=NetQ2_U_Motor Phase1_4 Pin=R3_U_Motor Phase1-2
Added Net: Name=NetQ2_U_Motor Phase1_4
Added Pin To Net: NetName=NetQ2_U_Motor Phase2_1 Pin=Q2_U_Motor Phase2-1
Added Pin To Net: NetName=NetQ2_U_Motor Phase2_1 Pin=Q2_U_Motor Phase2-2
Added Pin To Net: NetName=NetQ2_U_Motor Phase2_1 Pin=Q2_U_Motor Phase2-3
Added Pin To Net: NetName=NetQ2_U_Motor Phase2_1 Pin=R5_U_Motor Phase2-2
Added Net: Name=NetQ2_U_Motor Phase2_1
Added Pin To Net: NetName=NetQ2_U_Motor Phase2_4 Pin=Q2_U_Motor Phase2-4
Added Pin To Net: NetName=NetQ2_U_Motor Phase2_4 Pin=R3_U_Motor Phase2-2
Added Net: Name=NetQ2_U_Motor Phase2_4
Added Pin To Net: NetName=NetQ2_U_Motor Phase3_1 Pin=Q2_U_Motor Phase3-1
Added Pin To Net: NetName=NetQ2_U_Motor Phase3_1 Pin=Q2_U_Motor Phase3-2
Added Pin To Net: NetName=NetQ2_U_Motor Phase3_1 Pin=Q2_U_Motor Phase3-3
Added Pin To Net: NetName=NetQ2_U_Motor Phase3_1 Pin=R5_U_Motor Phase3-2
Added Net: Name=NetQ2_U_Motor Phase3_1
Added Pin To Net: NetName=NetQ2_U_Motor Phase3_4 Pin=Q2_U_Motor Phase3-4
Added Pin To Net: NetName=NetQ2_U_Motor Phase3_4 Pin=R3_U_Motor Phase3-2
Added Net: Name=NetQ2_U_Motor Phase3_4
Added Pin To Net: NetName=VBATT Pin=C1-2
Added Pin To Net: NetName=VBATT Pin=C2_U_Motor Phase1-1
Added Pin To Net: NetName=VBATT Pin=C2_U_Motor Phase2-1
Added Pin To Net: NetName=VBATT Pin=C2_U_Motor Phase3-1
Added Pin To Net: NetName=VBATT Pin=IC1-7
Added Pin To Net: NetName=VBATT Pin=Q1_U_Motor Phase1-5
Added Pin To Net: NetName=VBATT Pin=Q1_U_Motor Phase1-6
Added Pin To Net: NetName=VBATT Pin=Q1_U_Motor Phase1-7
Added Pin To Net: NetName=VBATT Pin=Q1_U_Motor Phase1-8
Added Pin To Net: NetName=VBATT Pin=Q1_U_Motor Phase1-8
Added Pin To Net: NetName=VBATT Pin=Q1_U_Motor Phase2-5
Added Pin To Net: NetName=VBATT Pin=Q1_U_Motor Phase2-6
Added Pin To Net: NetName=VBATT Pin=Q1_U_Motor Phase2-7
Added Pin To Net: NetName=VBATT Pin=Q1_U_Motor Phase2-8
Added Pin To Net: NetName=VBATT Pin=Q1_U_Motor Phase2-8
Added Pin To Net: NetName=VBATT Pin=Q1_U_Motor Phase3-5
Added Pin To Net: NetName=VBATT Pin=Q1_U_Motor Phase3-6
Added Pin To Net: NetName=VBATT Pin=Q1_U_Motor Phase3-7
Added Pin To Net: NetName=VBATT Pin=Q1_U_Motor Phase3-8
Added Pin To Net: NetName=VBATT Pin=Q1_U_Motor Phase3-8
Added Net: Name=VBATT
Added Class: Name=U_Motor Driver
Added Class: Name=U_Motor Phase1
Added Class: Name=U_Motor Phase2
Added Class: Name=U_Motor Phase3
Added Class: Name=U_Step Down
Added Class: Name=U_STM32G4
Added Class: Name=Motor Phase
Added Rule: Name=Schematic Supply Nets
Added Rule: Name=Schematic Supply Nets_1
