Reset Component Physical Designator: Old Designator=C1 New Designator=C8
Reset Component Physical Designator: Old Designator=C2 New Designator=C9
Reset Component Physical Designator: Old Designator=C3 New Designator=C10
Reset Component Physical Designator: Old Designator=C4 New Designator=C11
Reset Component Physical Designator: Old Designator=C5 New Designator=C12
Reset Component Physical Designator: Old Designator=C6 New Designator=C13
Reset Component Physical Designator: Old Designator=C7 New Designator=C14
Reset Component Physical Designator: Old Designator=C8 New Designator=C15
Reset Component Physical Designator: Old Designator=C9 New Designator=C16
Reset Component Physical Designator: Old Designator=C10 New Designator=C17
Reset Component Physical Designator: Old Designator=C11 New Designator=C18
Reset Component Physical Designator: Old Designator=C12 New Designator=C1
Reset Component Physical Designator: Old Designator=C13 New Designator=C2
Reset Component Physical Designator: Old Designator=C14 New Designator=C3
Reset Component Physical Designator: Old Designator=C15 New Designator=C4
Reset Component Physical Designator: Old Designator=C16 New Designator=C5
Reset Component Physical Designator: Old Designator=C17 New Designator=C6_U_Motor Phase1
Reset Component Physical Designator: Old Designator=C18 New Designator=C7_U_Motor Phase1
Reset Component Physical Designator: Old Designator=C19 New Designator=C6_U_Motor Phase2
Reset Component Physical Designator: Old Designator=C20 New Designator=C7_U_Motor Phase2
Reset Component Physical Designator: Old Designator=C21 New Designator=C6_U_Motor Phase3
Reset Component Physical Designator: Old Designator=C22 New Designator=C7_U_Motor Phase3
Reset Component Physical Designator: Old Designator=IC1 New Designator=IC3
Reset Component Physical Designator: Old Designator=IC1 New Designator=IC3
Reset Component Physical Designator: Old Designator=IC1 New Designator=IC3
Reset Component Physical Designator: Old Designator=IC2 New Designator=IC1
Reset Component Physical Designator: Old Designator=IC3 New Designator=IC2
Reset Component Physical Designator: Old Designator=J1 New Designator=J2
Reset Component Physical Designator: Old Designator=J2 New Designator=J1
Reset Component Physical Designator: Old Designator=J2 New Designator=J1
Reset Component Physical Designator: Old Designator=L1 New Designator=L1
Reset Component Physical Designator: Old Designator=Q1 New Designator=Q1_U_Motor Phase1
Reset Component Physical Designator: Old Designator=Q2 New Designator=Q2_U_Motor Phase1
Reset Component Physical Designator: Old Designator=Q3 New Designator=Q1_U_Motor Phase2
Reset Component Physical Designator: Old Designator=Q4 New Designator=Q2_U_Motor Phase2
Reset Component Physical Designator: Old Designator=Q5 New Designator=Q1_U_Motor Phase3
Reset Component Physical Designator: Old Designator=Q6 New Designator=Q2_U_Motor Phase3
Reset Component Physical Designator: Old Designator=R1 New Designator=R8
Reset Component Physical Designator: Old Designator=R2 New Designator=R9
Reset Component Physical Designator: Old Designator=R3 New Designator=R10
Reset Component Physical Designator: Old Designator=R4 New Designator=R11
Reset Component Physical Designator: Old Designator=R5 New Designator=R12
Reset Component Physical Designator: Old Designator=R6 New Designator=R13
Reset Component Physical Designator: Old Designator=R7 New Designator=R14
Reset Component Physical Designator: Old Designator=R8 New Designator=R15
Reset Component Physical Designator: Old Designator=R9 New Designator=R16
Reset Component Physical Designator: Old Designator=R10 New Designator=R17
Reset Component Physical Designator: Old Designator=R11 New Designator=R18
Reset Component Physical Designator: Old Designator=R12 New Designator=R1
Reset Component Physical Designator: Old Designator=R13 New Designator=R2
Reset Component Physical Designator: Old Designator=R14 New Designator=R3_U_Motor Phase1
Reset Component Physical Designator: Old Designator=R15 New Designator=R4_U_Motor Phase1
Reset Component Physical Designator: Old Designator=R16 New Designator=R5_U_Motor Phase1
Reset Component Physical Designator: Old Designator=R17 New Designator=R6_U_Motor Phase1
Reset Component Physical Designator: Old Designator=R18 New Designator=R7_U_Motor Phase1
Reset Component Physical Designator: Old Designator=R19 New Designator=R3_U_Motor Phase2
Reset Component Physical Designator: Old Designator=R20 New Designator=R4_U_Motor Phase2
Reset Component Physical Designator: Old Designator=R21 New Designator=R5_U_Motor Phase2
Reset Component Physical Designator: Old Designator=R22 New Designator=R6_U_Motor Phase2
Reset Component Physical Designator: Old Designator=R23 New Designator=R7_U_Motor Phase2
Reset Component Physical Designator: Old Designator=R24 New Designator=R3_U_Motor Phase3
Reset Component Physical Designator: Old Designator=R25 New Designator=R4_U_Motor Phase3
Reset Component Physical Designator: Old Designator=R26 New Designator=R5_U_Motor Phase3
Reset Component Physical Designator: Old Designator=R27 New Designator=R6_U_Motor Phase3
Reset Component Physical Designator: Old Designator=R28 New Designator=R7_U_Motor Phase3
