Removed Member From Class: ClassName=U_STM32G4 Member=C6_U_Motor Phase1
Removed Member From Class: ClassName=U_Motor Driver Member=C8
Removed Member From Class: ClassName=U_Motor Driver Member=C10
Removed Member From Class: ClassName=U_STM32G4 Member=IC2
Removed Member From Class: ClassName=U_STM32G4 Member=R4_U_Motor Phase1
Removed Member From Class: ClassName=U_STM32G4 Member=R6_U_Motor Phase1
Change Component Designator: OldDesignator=C1 NewDesignator=C12
Change Component Designator: OldDesignator=C2 NewDesignator=C13
Change Component Designator: OldDesignator=C3 NewDesignator=C14
Change Component Designator: OldDesignator=C4 NewDesignator=C15
Change Component Designator: OldDesignator=C5 NewDesignator=C16
Change Component Designator: OldDesignator=C6_U_Motor Phase1 NewDesignator=C17
Change Component Designator: OldDesignator=C6_U_Motor Phase2 NewDesignator=C19
Change Component Designator: OldDesignator=C6_U_Motor Phase3 NewDesignator=C21
Change Component Designator: OldDesignator=C7_U_Motor Phase1 NewDesignator=C18
Change Component Designator: OldDesignator=C7_U_Motor Phase2 NewDesignator=C20
Change Component Designator: OldDesignator=C7_U_Motor Phase3 NewDesignator=C22
Change Component Designator: OldDesignator=C8 NewDesignator=C1
Change Component Designator: OldDesignator=C9 NewDesignator=C2
Change Component Designator: OldDesignator=C10 NewDesignator=C3
Change Component Designator: OldDesignator=C11 NewDesignator=C4
Change Component Designator: OldDesignator=C12 NewDesignator=C5
Change Component Designator: OldDesignator=C13 NewDesignator=C6
Change Component Designator: OldDesignator=C14 NewDesignator=C7
Change Component Designator: OldDesignator=C15 NewDesignator=C8
Change Component Designator: OldDesignator=C16 NewDesignator=C9
Change Component Designator: OldDesignator=C17 NewDesignator=C10
Change Component Designator: OldDesignator=C18 NewDesignator=C11
Change Component Designator: OldDesignator=IC1 NewDesignator=IC2
Change Component Designator: OldDesignator=IC2 NewDesignator=IC3
Change Component Designator: OldDesignator=IC3 NewDesignator=IC1
Change Component Designator: OldDesignator=J1 NewDesignator=J2
Change Component Designator: OldDesignator=J2 NewDesignator=J1
Change Component Designator: OldDesignator=Q1_U_Motor Phase1 NewDesignator=Q1
Change Component Designator: OldDesignator=Q1_U_Motor Phase2 NewDesignator=Q3
Change Component Designator: OldDesignator=Q1_U_Motor Phase3 NewDesignator=Q5
Change Component Designator: OldDesignator=Q2_U_Motor Phase1 NewDesignator=Q2
Change Component Designator: OldDesignator=Q2_U_Motor Phase2 NewDesignator=Q4
Change Component Designator: OldDesignator=Q2_U_Motor Phase3 NewDesignator=Q6
Change Component Designator: OldDesignator=R1 NewDesignator=R12
Change Component Designator: OldDesignator=R2 NewDesignator=R13
Change Component Designator: OldDesignator=R3_U_Motor Phase1 NewDesignator=R14
Change Component Designator: OldDesignator=R3_U_Motor Phase2 NewDesignator=R19
Change Component Designator: OldDesignator=R3_U_Motor Phase3 NewDesignator=R24
Change Component Designator: OldDesignator=R4_U_Motor Phase1 NewDesignator=R15
Change Component Designator: OldDesignator=R4_U_Motor Phase2 NewDesignator=R20
Change Component Designator: OldDesignator=R4_U_Motor Phase3 NewDesignator=R25
Change Component Designator: OldDesignator=R5_U_Motor Phase1 NewDesignator=R16
Change Component Designator: OldDesignator=R5_U_Motor Phase2 NewDesignator=R21
Change Component Designator: OldDesignator=R5_U_Motor Phase3 NewDesignator=R26
Change Component Designator: OldDesignator=R6_U_Motor Phase1 NewDesignator=R17
Change Component Designator: OldDesignator=R6_U_Motor Phase2 NewDesignator=R22
Change Component Designator: OldDesignator=R6_U_Motor Phase3 NewDesignator=R27
Change Component Designator: OldDesignator=R7_U_Motor Phase1 NewDesignator=R18
Change Component Designator: OldDesignator=R7_U_Motor Phase2 NewDesignator=R23
Change Component Designator: OldDesignator=R7_U_Motor Phase3 NewDesignator=R28
Change Component Designator: OldDesignator=R8 NewDesignator=R1
Change Component Designator: OldDesignator=R9 NewDesignator=R2
Change Component Designator: OldDesignator=R10 NewDesignator=R3
Change Component Designator: OldDesignator=R11 NewDesignator=R4
Change Component Designator: OldDesignator=R12 NewDesignator=R5
Change Component Designator: OldDesignator=R13 NewDesignator=R6
Change Component Designator: OldDesignator=R14 NewDesignator=R7
Change Component Designator: OldDesignator=R15 NewDesignator=R8
Change Component Designator: OldDesignator=R16 NewDesignator=R9
Change Component Designator: OldDesignator=R17 NewDesignator=R10
Change Component Designator: OldDesignator=R18 NewDesignator=R11
Add Pin To Net: Unknown Pin: Pin C13-N
Add Pin To Net: Unknown Pin: Pin C13-P
Add Pin To Net: Unknown Pin: Pin C14-N
Add Pin To Net: Unknown Pin: Pin C14-P
Change Net Name : Old Net Name=NetC6_U_Motor Phase1_1 New Net Name=NetC17_1
Change Net Name : Old Net Name=NetC6_U_Motor Phase1_2 New Net Name=NetC17_2
Change Net Name : Old Net Name=NetC6_U_Motor Phase2_1 New Net Name=NetC19_1
Change Net Name : Old Net Name=NetC6_U_Motor Phase2_2 New Net Name=NetC19_2
Change Net Name : Old Net Name=NetC6_U_Motor Phase3_1 New Net Name=NetC21_1
Change Net Name : Old Net Name=NetC6_U_Motor Phase3_2 New Net Name=NetC21_2
Change Net Name : Old Net Name=NetIC1_9 New Net Name=NetIC2_9
Change Net Name : Old Net Name=NetIC1_10 New Net Name=NetIC2_10
Change Net Name : Old Net Name=NetIC1_11 New Net Name=NetIC2_11
Change Net Name : Old Net Name=NetIC1_13 New Net Name=NetIC2_13
Change Net Name : Old Net Name=NetIC1_16 New Net Name=NetIC2_16
Change Net Name : Old Net Name=NetIC1_19 New Net Name=NetIC2_19
Change Net Name : Old Net Name=NetIC3_45 New Net Name=NetIC1_45
Change Net Name : Old Net Name=NetQ1_U_Motor Phase1_4 New Net Name=NetQ1_4
Change Net Name : Old Net Name=NetQ1_U_Motor Phase2_4 New Net Name=NetQ3_4
Change Net Name : Old Net Name=NetQ1_U_Motor Phase3_4 New Net Name=NetQ5_4
Change Net Name : Old Net Name=NetQ2_U_Motor Phase1_4 New Net Name=NetQ2_4
Change Net Name : Old Net Name=NetQ2_U_Motor Phase2_4 New Net Name=NetQ4_4
Change Net Name : Old Net Name=NetQ2_U_Motor Phase3_4 New Net Name=NetQ6_4
Added Member To Class: ClassName=U_STM32G4 Member=Component C6 (C13) 0603,X7R,100nF,50V,10%
Added Member To Class: ClassName=U_STM32G4 Member=Component C8 (C15) 0603,X7R,100nF,50V,10%
Added Member To Class: ClassName=U_STM32G4 Member=Component C10 (C17) 0603,X7R,100nF,50V,10%
Added Member To Class: ClassName=U_Motor Driver Member=Component C14 (C3) 470uF,35V,20%
Added Member To Class: ClassName=U_Motor Driver Member=Component C16 (C5) 0603,X7R,100nF,50V,10%
Added Member To Class: ClassName=U_STM32G4 Member=Component IC1 (IC3A) STM32G431CBT6
Added Member To Class: ClassName=U_STM32G4 Member=Component R1 (R8) 0603,0R,5%
Added Member To Class: ClassName=U_STM32G4 Member=Component R3 (R10) 0603,100K,1%
Added Member To Class: ClassName=U_STM32G4 Member=Component R4 (R11) 0603,1K,1%
Added Member To Class: ClassName=U_STM32G4 Member=Component R6 (R13) 0603,100K,1%
Added Member To Class: ClassName=U_STM32G4 Member=Component R8 (R15) 0603,0R,5%
Added Member To Class: ClassName=U_STM32G4 Member=Component R10 (R17) 0603,1K,1%
