Removed Pin From Net: NetName=VBATT Pin=C12-1
Removed Pin From Net: NetName=GND Pin=C12-2
Removed Pin From Net: NetName=VBATT Pin=C13-1
Removed Pin From Net: NetName=GND Pin=C13-2
Removed Member From Class: ClassName=U_Motor Driver Member=C14
Removed Member From Class: ClassName=High-Current Member=NetC20_1
Change Component Designator: OldDesignator=C14 NewDesignator=C12
Change Component Designator: OldDesignator=C15 NewDesignator=C13
Change Component Designator: OldDesignator=C16 NewDesignator=C14
Change Component Designator: OldDesignator=C17 NewDesignator=C15
Change Component Designator: OldDesignator=C18 NewDesignator=C16
Change Component Designator: OldDesignator=C19 NewDesignator=C17
Change Component Designator: OldDesignator=C20 NewDesignator=C18
Change Component Designator: OldDesignator=C21 NewDesignator=C19
Added Component: Designator=C?1(CAP-TH_BD10.0-P5.00-D1.0-FD)
Add component (AddParameter): Name = "LCSC Part #"; Value = "C109451"; VariantName = "[No Variations]"
Added Pin To Net: NetName=VBATT Pin=C?1-1
Added Pin To Net: NetName=GND Pin=C?1-2
Change Net Name : Old Net Name=NetC16_1 New Net Name=NetC14_1
Change Net Name : Old Net Name=NetC16_2 New Net Name=NetC14_2
Change Net Name : Old Net Name=NetC18_1 New Net Name=NetC16_1
Change Net Name : Old Net Name=NetC18_2 New Net Name=NetC16_2
Change Net Name : Old Net Name=NetC20_1 New Net Name=NetC18_1
Change Net Name : Old Net Name=NetC20_2 New Net Name=NetC18_2
Added Member To Class: ClassName=U_STM32G4 Member=Component C10 (C18) 0603,NP0,120pF,50V,5%
Added Member To Class: ClassName=U_Motor Driver Member=Component C11 (C1) 0805,X5R,10uF,25V,10%
Added Member To Class: ClassName=U_Motor Driver Member=Component C13 (C5) 0603,X7R,100nF,50V,10%
Added Member To Class: ClassName=U_Motor Phase1 Member=Component C15 (C7) 0603,X7R,15nF,50V,10%
Added Member To Class: ClassName=U_Motor Phase3 Member=Component C19 (C7) 0603,X7R,15nF,50V,10%
Added Member To Class: ClassName=U_Motor Driver Member=Component C?1 (C?) 1000uF,25V,20%
Added Member To Class: ClassName=High-Current Member=Wire NetC14_1
