
Starting the DC solver at Sun Sep 28 19:05:37 2025
Creating the DC design
..parsing the options file 
..using NUMBER_OF_PROCESSORS = 20
..parsing the layout file 
..parsing the stimulus file 
..extracting the connectivity 
..extracting the substrate 
Initializing electric analysis
Electric analysis
..loading the electric component models
..electric matrix size: 290412
..loading the electric matrix equation
..solving the electric matrix equation
.........|.........|.........|.........|
..max voltage: 11.96
..writing the output files
Electric N-port analysis
..number of ports: 6
..loading the electric component models
..electric matrix size: 290412
..loading the electric matrix equation
..solving the electric matrix equation
.........|.........|.........|.........|
..writing the model file
DC solver resources
..elapsed time: 7.5 s
..user time: 39.7 s
..physical memory: 632 MB
..virtual memory: 1052 MB

